{"/Users/rick/Documents/Academy/conjuntos-historicos-de-canarias-/src/data/actividades.ts": {"path":"/Users/rick/Documents/Academy/conjuntos-historicos-de-canarias-/src/data/actividades.ts","statementMap":{"0":{"start":{"line":24,"column":12},"end":{"line":24,"column":null}},"1":{"start":{"line":26,"column":40},"end":{"line":480,"column":null}},"2":{"start":{"line":483,"column":2},"end":{"line":483,"column":null}},"3":{"start":{"line":483,"column":33},"end":{"line":483,"column":60}},"4":{"start":{"line":487,"column":20},"end":{"line":487,"column":null}},"5":{"start":{"line":487,"column":42},"end":{"line":487,"column":62}},"6":{"start":{"line":488,"column":2},"end":{"line":488,"column":null}},"7":{"start":{"line":488,"column":18},"end":{"line":488,"column":null}},"8":{"start":{"line":489,"column":2},"end":{"line":489,"column":null}},"9":{"start":{"line":489,"column":29},"end":{"line":489,"column":58}}},"fnMap":{"0":{"name":"getActividadesByConjunto","decl":{"start":{"line":482,"column":16},"end":{"line":482,"column":41}},"loc":{"start":{"line":482,"column":74},"end":{"line":484,"column":null}},"line":482},"1":{"name":"(anonymous_1)","decl":{"start":{"line":483,"column":21},"end":{"line":483,"column":28}},"loc":{"start":{"line":483,"column":33},"end":{"line":483,"column":60}},"line":483},"2":{"name":"getConjuntoByActividad","decl":{"start":{"line":486,"column":16},"end":{"line":486,"column":39}},"loc":{"start":{"line":486,"column":82},"end":{"line":490,"column":null}},"line":486},"3":{"name":"(anonymous_3)","decl":{"start":{"line":487,"column":32},"end":{"line":487,"column":37}},"loc":{"start":{"line":487,"column":42},"end":{"line":487,"column":62}},"line":487},"4":{"name":"(anonymous_4)","decl":{"start":{"line":489,"column":19},"end":{"line":489,"column":24}},"loc":{"start":{"line":489,"column":29},"end":{"line":489,"column":58}},"line":489}},"branchMap":{"0":{"loc":{"start":{"line":488,"column":2},"end":{"line":488,"column":null}},"type":"if","locations":[{"start":{"line":488,"column":2},"end":{"line":488,"column":null}},{"start":{},"end":{}}],"line":488}},"s":{"0":1,"1":1,"2":0,"3":0,"4":0,"5":0,"6":0,"7":0,"8":0,"9":0},"f":{"0":0,"1":0,"2":0,"3":0,"4":0},"b":{"0":[0,0]},"meta":{"lastBranch":1,"lastFunction":5,"lastStatement":10,"seen":{"s:24:12:24:Infinity":0,"s:26:40:480:Infinity":1,"f:482:16:482:41":0,"s:483:2:483:Infinity":2,"f:483:21:483:28":1,"s:483:33:483:60":3,"f:486:16:486:39":2,"s:487:20:487:Infinity":4,"f:487:32:487:37":3,"s:487:42:487:62":5,"b:488:2:488:Infinity:undefined:undefined:undefined:undefined":0,"s:488:2:488:Infinity":6,"s:488:18:488:Infinity":7,"s:489:2:489:Infinity":8,"f:489:19:489:24":4,"s:489:29:489:58":9},"fnNames":{}}}
,"/Users/rick/Documents/Academy/conjuntos-historicos-de-canarias-/src/data/conjuntos.ts": {"path":"/Users/rick/Documents/Academy/conjuntos-historicos-de-canarias-/src/data/conjuntos.ts","statementMap":{"0":{"start":{"line":15,"column":37},"end":{"line":127,"column":null}}},"fnMap":{},"branchMap":{},"s":{"0":1},"f":{},"b":{},"meta":{"lastBranch":0,"lastFunction":0,"lastStatement":1,"seen":{"s:15:37:127:Infinity":0},"fnNames":{}}}
,"/Users/rick/Documents/Academy/conjuntos-historicos-de-canarias-/src/lib/db.ts": {"path":"/Users/rick/Documents/Academy/conjuntos-historicos-de-canarias-/src/lib/db.ts","statementMap":{"0":{"start":{"line":22,"column":2},"end":{"line":26,"column":null}},"1":{"start":{"line":23,"column":18},"end":{"line":23,"column":null}},"2":{"start":{"line":23,"column":38},"end":{"line":23,"column":85}},"3":{"start":{"line":24,"column":4},"end":{"line":24,"column":null}},"4":{"start":{"line":24,"column":25},"end":{"line":24,"column":55}},"5":{"start":{"line":25,"column":4},"end":{"line":25,"column":null}},"6":{"start":{"line":30,"column":2},"end":{"line":34,"column":null}},"7":{"start":{"line":31,"column":18},"end":{"line":31,"column":null}},"8":{"start":{"line":31,"column":38},"end":{"line":31,"column":84}},"9":{"start":{"line":32,"column":4},"end":{"line":32,"column":null}},"10":{"start":{"line":32,"column":25},"end":{"line":32,"column":36}},"11":{"start":{"line":33,"column":4},"end":{"line":33,"column":null}},"12":{"start":{"line":40,"column":18},"end":{"line":40,"column":38}},"13":{"start":{"line":49,"column":8},"end":{"line":49,"column":null}},"14":{"start":{"line":50,"column":8},"end":{"line":50,"column":null}},"15":{"start":{"line":51,"column":8},"end":{"line":51,"column":null}},"16":{"start":{"line":53,"column":2},"end":{"line":61,"column":null}},"17":{"start":{"line":54,"column":17},"end":{"line":54,"column":null}},"18":{"start":{"line":55,"column":20},"end":{"line":55,"column":null}},"19":{"start":{"line":56,"column":4},"end":{"line":56,"column":null}},"20":{"start":{"line":56,"column":21},"end":{"line":56,"column":null}},"21":{"start":{"line":58,"column":4},"end":{"line":58,"column":null}},"22":{"start":{"line":59,"column":4},"end":{"line":59,"column":null}},"23":{"start":{"line":60,"column":4},"end":{"line":60,"column":null}},"24":{"start":{"line":65,"column":18},"end":{"line":65,"column":39}},"25":{"start":{"line":69,"column":8},"end":{"line":69,"column":null}},"26":{"start":{"line":70,"column":8},"end":{"line":70,"column":null}},"27":{"start":{"line":71,"column":8},"end":{"line":71,"column":null}},"28":{"start":{"line":73,"column":2},"end":{"line":97,"column":null}},"29":{"start":{"line":74,"column":53},"end":{"line":78,"column":null}},"30":{"start":{"line":81,"column":4},"end":{"line":81,"column":null}},"31":{"start":{"line":81,"column":61},"end":{"line":81,"column":null}},"32":{"start":{"line":84,"column":4},"end":{"line":87,"column":null}},"33":{"start":{"line":85,"column":6},"end":{"line":85,"column":null}},"34":{"start":{"line":86,"column":6},"end":{"line":86,"column":null}},"35":{"start":{"line":90,"column":17},"end":{"line":90,"column":null}},"36":{"start":{"line":91,"column":31},"end":{"line":91,"column":null}},"37":{"start":{"line":92,"column":31},"end":{"line":92,"column":null}},"38":{"start":{"line":94,"column":4},"end":{"line":94,"column":null}},"39":{"start":{"line":95,"column":4},"end":{"line":95,"column":null}},"40":{"start":{"line":96,"column":4},"end":{"line":96,"column":null}},"41":{"start":{"line":103,"column":13},"end":{"line":103,"column":null}},"42":{"start":{"line":104,"column":2},"end":{"line":104,"column":null}},"43":{"start":{"line":111,"column":2},"end":{"line":111,"column":null}},"44":{"start":{"line":115,"column":2},"end":{"line":115,"column":null}},"45":{"start":{"line":119,"column":15},"end":{"line":121,"column":null}},"46":{"start":{"line":122,"column":2},"end":{"line":130,"column":null}},"47":{"start":{"line":123,"column":17},"end":{"line":123,"column":null}},"48":{"start":{"line":124,"column":4},"end":{"line":129,"column":null}},"49":{"start":{"line":136,"column":13},"end":{"line":136,"column":null}},"50":{"start":{"line":137,"column":2},"end":{"line":137,"column":null}},"51":{"start":{"line":144,"column":2},"end":{"line":144,"column":null}},"52":{"start":{"line":150,"column":15},"end":{"line":150,"column":null}},"53":{"start":{"line":151,"column":2},"end":{"line":151,"column":null}},"54":{"start":{"line":151,"column":19},"end":{"line":151,"column":null}},"55":{"start":{"line":153,"column":8},"end":{"line":153,"column":null}},"56":{"start":{"line":154,"column":2},"end":{"line":156,"column":null}},"57":{"start":{"line":155,"column":4},"end":{"line":155,"column":null}},"58":{"start":{"line":157,"column":2},"end":{"line":159,"column":null}},"59":{"start":{"line":158,"column":4},"end":{"line":158,"column":null}},"60":{"start":{"line":160,"column":2},"end":{"line":160,"column":null}}},"fnMap":{"0":{"name":"subscribeActividades","decl":{"start":{"line":21,"column":16},"end":{"line":21,"column":37}},"loc":{"start":{"line":21,"column":83},"end":{"line":27,"column":null}},"line":21},"1":{"name":"(anonymous_1)","decl":{"start":{"line":22,"column":48},"end":{"line":22,"column":51}},"loc":{"start":{"line":22,"column":59},"end":{"line":26,"column":3}},"line":22},"2":{"name":"(anonymous_2)","decl":{"start":{"line":23,"column":28},"end":{"line":23,"column":32}},"loc":{"start":{"line":23,"column":38},"end":{"line":23,"column":85}},"line":23},"3":{"name":"(anonymous_3)","decl":{"start":{"line":24,"column":10},"end":{"line":24,"column":16}},"loc":{"start":{"line":24,"column":25},"end":{"line":24,"column":55}},"line":24},"4":{"name":"subscribeConjuntos","decl":{"start":{"line":29,"column":16},"end":{"line":29,"column":35}},"loc":{"start":{"line":29,"column":80},"end":{"line":35,"column":null}},"line":29},"5":{"name":"(anonymous_5)","decl":{"start":{"line":30,"column":46},"end":{"line":30,"column":49}},"loc":{"start":{"line":30,"column":57},"end":{"line":34,"column":3}},"line":30},"6":{"name":"(anonymous_6)","decl":{"start":{"line":31,"column":28},"end":{"line":31,"column":32}},"loc":{"start":{"line":31,"column":38},"end":{"line":31,"column":84}},"line":31},"7":{"name":"(anonymous_7)","decl":{"start":{"line":32,"column":10},"end":{"line":32,"column":16}},"loc":{"start":{"line":32,"column":25},"end":{"line":32,"column":36}},"line":32},"8":{"name":"constructor","decl":{"start":{"line":40,"column":2},"end":{"line":40,"column":16}},"loc":{"start":{"line":40,"column":16},"end":{"line":40,"column":null}},"line":40},"9":{"name":"inscribirse","decl":{"start":{"line":43,"column":22},"end":{"line":43,"column":null}},"loc":{"start":{"line":48,"column":17},"end":{"line":62,"column":null}},"line":48},"10":{"name":"(anonymous_10)","decl":{"start":{"line":53,"column":27},"end":{"line":53,"column":33}},"loc":{"start":{"line":53,"column":39},"end":{"line":61,"column":3}},"line":53},"11":{"name":"constructor_2","decl":{"start":{"line":65,"column":2},"end":{"line":65,"column":16}},"loc":{"start":{"line":65,"column":16},"end":{"line":65,"column":null}},"line":65},"12":{"name":"liberarPlaza","decl":{"start":{"line":68,"column":22},"end":{"line":68,"column":35}},"loc":{"start":{"line":68,"column":84},"end":{"line":98,"column":null}},"line":68},"13":{"name":"(anonymous_13)","decl":{"start":{"line":73,"column":27},"end":{"line":73,"column":33}},"loc":{"start":{"line":73,"column":39},"end":{"line":97,"column":3}},"line":73},"14":{"name":"addActividad","decl":{"start":{"line":102,"column":22},"end":{"line":102,"column":35}},"loc":{"start":{"line":102,"column":79},"end":{"line":105,"column":null}},"line":102},"15":{"name":"updateActividad","decl":{"start":{"line":107,"column":22},"end":{"line":107,"column":null}},"loc":{"start":{"line":110,"column":17},"end":{"line":112,"column":null}},"line":110},"16":{"name":"deleteActividad","decl":{"start":{"line":114,"column":22},"end":{"line":114,"column":38}},"loc":{"start":{"line":114,"column":65},"end":{"line":116,"column":null}},"line":114},"17":{"name":"getInscritos","decl":{"start":{"line":118,"column":22},"end":{"line":118,"column":35}},"loc":{"start":{"line":118,"column":81},"end":{"line":131,"column":null}},"line":118},"18":{"name":"(anonymous_18)","decl":{"start":{"line":122,"column":19},"end":{"line":122,"column":23}},"loc":{"start":{"line":122,"column":28},"end":{"line":130,"column":3}},"line":122},"19":{"name":"addConjunto","decl":{"start":{"line":135,"column":22},"end":{"line":135,"column":34}},"loc":{"start":{"line":135,"column":94},"end":{"line":138,"column":null}},"line":135},"20":{"name":"updateConjunto","decl":{"start":{"line":140,"column":22},"end":{"line":140,"column":null}},"loc":{"start":{"line":143,"column":17},"end":{"line":145,"column":null}},"line":143},"21":{"name":"seedFirestore","decl":{"start":{"line":149,"column":22},"end":{"line":149,"column":53}},"loc":{"start":{"line":149,"column":53},"end":{"line":161,"column":null}},"line":149}},"branchMap":{"0":{"loc":{"start":{"line":55,"column":20},"end":{"line":55,"column":null}},"type":"binary-expr","locations":[{"start":{"line":55,"column":20},"end":{"line":55,"column":54}},{"start":{"line":55,"column":54},"end":{"line":55,"column":null}}],"line":55},"1":{"loc":{"start":{"line":56,"column":4},"end":{"line":56,"column":null}},"type":"if","locations":[{"start":{"line":56,"column":4},"end":{"line":56,"column":null}},{"start":{},"end":{}}],"line":56},"2":{"loc":{"start":{"line":81,"column":4},"end":{"line":81,"column":null}},"type":"if","locations":[{"start":{"line":81,"column":4},"end":{"line":81,"column":null}},{"start":{},"end":{}}],"line":81},"3":{"loc":{"start":{"line":81,"column":8},"end":{"line":81,"column":61}},"type":"binary-expr","locations":[{"start":{"line":81,"column":8},"end":{"line":81,"column":34}},{"start":{"line":81,"column":34},"end":{"line":81,"column":61}}],"line":81},"4":{"loc":{"start":{"line":84,"column":4},"end":{"line":87,"column":null}},"type":"if","locations":[{"start":{"line":84,"column":4},"end":{"line":87,"column":null}},{"start":{},"end":{}}],"line":84},"5":{"loc":{"start":{"line":91,"column":31},"end":{"line":91,"column":null}},"type":"binary-expr","locations":[{"start":{"line":91,"column":31},"end":{"line":91,"column":47}},{"start":{"line":91,"column":47},"end":{"line":91,"column":null}}],"line":91},"6":{"loc":{"start":{"line":92,"column":31},"end":{"line":92,"column":null}},"type":"binary-expr","locations":[{"start":{"line":92,"column":31},"end":{"line":92,"column":58}},{"start":{"line":92,"column":58},"end":{"line":92,"column":null}}],"line":92},"7":{"loc":{"start":{"line":126,"column":13},"end":{"line":126,"column":null}},"type":"binary-expr","locations":[{"start":{"line":126,"column":13},"end":{"line":126,"column":27}},{"start":{"line":126,"column":27},"end":{"line":126,"column":null}}],"line":126},"8":{"loc":{"start":{"line":127,"column":19},"end":{"line":127,"column":null}},"type":"binary-expr","locations":[{"start":{"line":127,"column":19},"end":{"line":127,"column":39}},{"start":{"line":127,"column":39},"end":{"line":127,"column":null}}],"line":127},"9":{"loc":{"start":{"line":128,"column":18},"end":{"line":128,"column":null}},"type":"binary-expr","locations":[{"start":{"line":128,"column":18},"end":{"line":128,"column":49}},{"start":{"line":128,"column":49},"end":{"line":128,"column":null}}],"line":128},"10":{"loc":{"start":{"line":151,"column":2},"end":{"line":151,"column":null}},"type":"if","locations":[{"start":{"line":151,"column":2},"end":{"line":151,"column":null}},{"start":{},"end":{}}],"line":151}},"s":{"0":0,"1":0,"2":0,"3":0,"4":0,"5":0,"6":0,"7":0,"8":0,"9":0,"10":0,"11":0,"12":2,"13":4,"14":4,"15":4,"16":4,"17":4,"18":4,"19":4,"20":2,"21":2,"22":2,"23":2,"24":1,"25":4,"26":4,"27":4,"28":4,"29":4,"30":4,"31":1,"32":3,"33":1,"34":1,"35":2,"36":2,"37":4,"38":4,"39":4,"40":4,"41":0,"42":0,"43":0,"44":0,"45":0,"46":0,"47":0,"48":0,"49":0,"50":0,"51":0,"52":0,"53":0,"54":0,"55":0,"56":0,"57":0,"58":0,"59":0,"60":0},"f":{"0":0,"1":0,"2":0,"3":0,"4":0,"5":0,"6":0,"7":0,"8":2,"9":4,"10":4,"11":1,"12":4,"13":4,"14":0,"15":0,"16":0,"17":0,"18":0,"19":0,"20":0,"21":0},"b":{"0":[4,0],"1":[2,2],"2":[1,3],"3":[4,2],"4":[1,2],"5":[2,0],"6":[4,0],"7":[0,0],"8":[0,0],"9":[0,0],"10":[0,0]},"meta":{"lastBranch":11,"lastFunction":22,"lastStatement":61,"seen":{"f:21:16:21:37":0,"s:22:2:26:Infinity":0,"f:22:48:22:51":1,"s:23:18:23:Infinity":1,"f:23:28:23:32":2,"s:23:38:23:85":2,"s:24:4:24:Infinity":3,"f:24:10:24:16":3,"s:24:25:24:55":4,"s:25:4:25:Infinity":5,"f:29:16:29:35":4,"s:30:2:34:Infinity":6,"f:30:46:30:49":5,"s:31:18:31:Infinity":7,"f:31:28:31:32":6,"s:31:38:31:84":8,"s:32:4:32:Infinity":9,"f:32:10:32:16":7,"s:32:25:32:36":10,"s:33:4:33:Infinity":11,"f:40:2:40:16":8,"s:40:18:40:38":12,"f:43:22:43:Infinity":9,"s:49:8:49:Infinity":13,"s:50:8:50:Infinity":14,"s:51:8:51:Infinity":15,"s:53:2:61:Infinity":16,"f:53:27:53:33":10,"s:54:17:54:Infinity":17,"s:55:20:55:Infinity":18,"b:55:20:55:54:55:54:55:Infinity":0,"b:56:4:56:Infinity:undefined:undefined:undefined:undefined":1,"s:56:4:56:Infinity":19,"s:56:21:56:Infinity":20,"s:58:4:58:Infinity":21,"s:59:4:59:Infinity":22,"s:60:4:60:Infinity":23,"f:65:2:65:16":11,"s:65:18:65:39":24,"f:68:22:68:35":12,"s:69:8:69:Infinity":25,"s:70:8:70:Infinity":26,"s:71:8:71:Infinity":27,"s:73:2:97:Infinity":28,"f:73:27:73:33":13,"s:74:53:78:Infinity":29,"b:81:4:81:Infinity:undefined:undefined:undefined:undefined":2,"s:81:4:81:Infinity":30,"b:81:8:81:34:81:34:81:61":3,"s:81:61:81:Infinity":31,"b:84:4:87:Infinity:undefined:undefined:undefined:undefined":4,"s:84:4:87:Infinity":32,"s:85:6:85:Infinity":33,"s:86:6:86:Infinity":34,"s:90:17:90:Infinity":35,"s:91:31:91:Infinity":36,"b:91:31:91:47:91:47:91:Infinity":5,"s:92:31:92:Infinity":37,"b:92:31:92:58:92:58:92:Infinity":6,"s:94:4:94:Infinity":38,"s:95:4:95:Infinity":39,"s:96:4:96:Infinity":40,"f:102:22:102:35":14,"s:103:13:103:Infinity":41,"s:104:2:104:Infinity":42,"f:107:22:107:Infinity":15,"s:111:2:111:Infinity":43,"f:114:22:114:38":16,"s:115:2:115:Infinity":44,"f:118:22:118:35":17,"s:119:15:121:Infinity":45,"s:122:2:130:Infinity":46,"f:122:19:122:23":18,"s:123:17:123:Infinity":47,"s:124:4:129:Infinity":48,"b:126:13:126:27:126:27:126:Infinity":7,"b:127:19:127:39:127:39:127:Infinity":8,"b:128:18:128:49:128:49:128:Infinity":9,"f:135:22:135:34":19,"s:136:13:136:Infinity":49,"s:137:2:137:Infinity":50,"f:140:22:140:Infinity":20,"s:144:2:144:Infinity":51,"f:149:22:149:53":21,"s:150:15:150:Infinity":52,"b:151:2:151:Infinity:undefined:undefined:undefined:undefined":10,"s:151:2:151:Infinity":53,"s:151:19:151:Infinity":54,"s:153:8:153:Infinity":55,"s:154:2:156:Infinity":56,"s:155:4:155:Infinity":57,"s:157:2:159:Infinity":58,"s:158:4:158:Infinity":59,"s:160:2:160:Infinity":60},"fnNames":{}}}
}
