{"/Users/rick/Documents/Academy/conjuntos-historicos-de-canarias-/src/firebase.ts": {"path":"/Users/rick/Documents/Academy/conjuntos-historicos-de-canarias-/src/firebase.ts","statementMap":{"0":{"start":{"line":5,"column":23},"end":{"line":12,"column":null}},"1":{"start":{"line":14,"column":6},"end":{"line":14,"column":null}},"2":{"start":{"line":15,"column":13},"end":{"line":15,"column":null}},"3":{"start":{"line":16,"column":13},"end":{"line":16,"column":null}}},"fnMap":{},"branchMap":{},"s":{"0":2,"1":2,"2":2,"3":2},"f":{},"b":{},"meta":{"lastBranch":0,"lastFunction":0,"lastStatement":4,"seen":{"s:5:23:12:Infinity":0,"s:14:6:14:Infinity":1,"s:15:13:15:Infinity":2,"s:16:13:16:Infinity":3},"fnNames":{}}}
,"/Users/rick/Documents/Academy/conjuntos-historicos-de-canarias-/src/components/actividades/DifficultyDots.tsx": {"path":"/Users/rick/Documents/Academy/conjuntos-historicos-de-canarias-/src/components/actividades/DifficultyDots.tsx","statementMap":{"0":{"start":{"line":4,"column":19},"end":{"line":4,"column":null}},"1":{"start":{"line":6,"column":85},"end":{"line":10,"column":null}},"2":{"start":{"line":15,"column":35},"end":{"line":15,"column":null}},"3":{"start":{"line":17,"column":2},"end":{"line":52,"column":null}},"4":{"start":{"line":21,"column":27},"end":{"line":21,"column":null}},"5":{"start":{"line":22,"column":10},"end":{"line":40,"column":null}}},"fnMap":{"0":{"name":"DifficultyDots","decl":{"start":{"line":14,"column":16},"end":{"line":14,"column":31}},"loc":{"start":{"line":14,"column":72},"end":{"line":54,"column":null}},"line":14},"1":{"name":"(anonymous_1)","decl":{"start":{"line":20,"column":44},"end":{"line":20,"column":49}},"loc":{"start":{"line":20,"column":58},"end":{"line":42,"column":9}},"line":20}},"branchMap":{"0":{"loc":{"start":{"line":14,"column":45},"end":{"line":14,"column":72}},"type":"default-arg","locations":[{"start":{"line":14,"column":57},"end":{"line":14,"column":72}}],"line":14},"1":{"loc":{"start":{"line":22,"column":17},"end":{"line":40,"column":null}},"type":"cond-expr","locations":[{"start":{"line":23,"column":12},"end":{"line":34,"column":null}},{"start":{"line":36,"column":12},"end":{"line":40,"column":null}}],"line":22},"2":{"loc":{"start":{"line":44,"column":7},"end":{"line":52,"column":null}},"type":"binary-expr","locations":[{"start":{"line":44,"column":7},"end":{"line":44,"column":null}},{"start":{"line":45,"column":8},"end":{"line":52,"column":null}}],"line":44}},"s":{"0":1,"1":1,"2":7,"3":7,"4":42,"5":42},"f":{"0":7,"1":42},"b":{"0":[7],"1":[14,28],"2":[7,7]},"meta":{"lastBranch":3,"lastFunction":2,"lastStatement":6,"seen":{"s:4:19:4:Infinity":0,"s:6:85:10:Infinity":1,"f:14:16:14:31":0,"b:14:57:14:72":0,"s:15:35:15:Infinity":2,"s:17:2:52:Infinity":3,"f:20:44:20:49":1,"s:21:27:21:Infinity":4,"s:22:10:40:Infinity":5,"b:23:12:34:Infinity:36:12:40:Infinity":1,"b:44:7:44:Infinity:45:8:52:Infinity":2},"fnNames":{}}}
,"/Users/rick/Documents/Academy/conjuntos-historicos-de-canarias-/src/contexts/AppContext.tsx": {"path":"/Users/rick/Documents/Academy/conjuntos-historicos-de-canarias-/src/contexts/AppContext.tsx","statementMap":{"0":{"start":{"line":34,"column":6},"end":{"line":34,"column":null}},"1":{"start":{"line":37,"column":22},"end":{"line":37,"column":null}},"2":{"start":{"line":38,"column":20},"end":{"line":38,"column":null}},"3":{"start":{"line":39,"column":22},"end":{"line":39,"column":null}},"4":{"start":{"line":41,"column":21},"end":{"line":41,"column":null}},"5":{"start":{"line":42,"column":23},"end":{"line":42,"column":null}},"6":{"start":{"line":43,"column":21},"end":{"line":43,"column":null}},"7":{"start":{"line":45,"column":19},"end":{"line":45,"column":null}},"8":{"start":{"line":46,"column":15},"end":{"line":46,"column":null}},"9":{"start":{"line":47,"column":21},"end":{"line":47,"column":null}},"10":{"start":{"line":48,"column":14},"end":{"line":48,"column":null}},"11":{"start":{"line":49,"column":21},"end":{"line":49,"column":null}},"12":{"start":{"line":51,"column":2},"end":{"line":67,"column":null}},"13":{"start":{"line":52,"column":20},"end":{"line":52,"column":null}},"14":{"start":{"line":53,"column":21},"end":{"line":53,"column":null}},"15":{"start":{"line":55,"column":10},"end":{"line":59,"column":null}},"16":{"start":{"line":56,"column":6},"end":{"line":56,"column":null}},"17":{"start":{"line":57,"column":6},"end":{"line":57,"column":null}},"18":{"start":{"line":58,"column":6},"end":{"line":58,"column":null}},"19":{"start":{"line":58,"column":22},"end":{"line":58,"column":null}},"20":{"start":{"line":60,"column":10},"end":{"line":64,"column":null}},"21":{"start":{"line":61,"column":6},"end":{"line":61,"column":null}},"22":{"start":{"line":62,"column":6},"end":{"line":62,"column":null}},"23":{"start":{"line":63,"column":6},"end":{"line":63,"column":null}},"24":{"start":{"line":63,"column":21},"end":{"line":63,"column":null}},"25":{"start":{"line":66,"column":4},"end":{"line":66,"column":null}},"26":{"start":{"line":66,"column":19},"end":{"line":66,"column":29}},"27":{"start":{"line":66,"column":29},"end":{"line":66,"column":38}},"28":{"start":{"line":69,"column":8},"end":{"line":75,"column":null}},"29":{"start":{"line":70,"column":4},"end":{"line":70,"column":null}},"30":{"start":{"line":71,"column":4},"end":{"line":71,"column":null}},"31":{"start":{"line":72,"column":4},"end":{"line":72,"column":null}},"32":{"start":{"line":73,"column":4},"end":{"line":73,"column":null}},"33":{"start":{"line":74,"column":4},"end":{"line":74,"column":null}},"34":{"start":{"line":77,"column":2},"end":{"line":91,"column":null}},"35":{"start":{"line":96,"column":8},"end":{"line":96,"column":null}},"36":{"start":{"line":97,"column":2},"end":{"line":97,"column":null}},"37":{"start":{"line":97,"column":12},"end":{"line":97,"column":null}},"38":{"start":{"line":98,"column":2},"end":{"line":98,"column":null}}},"fnMap":{"0":{"name":"AppProvider","decl":{"start":{"line":36,"column":16},"end":{"line":36,"column":28}},"loc":{"start":{"line":36,"column":67},"end":{"line":93,"column":null}},"line":36},"1":{"name":"(anonymous_1)","decl":{"start":{"line":51,"column":2},"end":{"line":51,"column":18}},"loc":{"start":{"line":51,"column":18},"end":{"line":67,"column":5}},"line":51},"2":{"name":"(anonymous_2)","decl":{"start":{"line":55,"column":19},"end":{"line":55,"column":40}},"loc":{"start":{"line":55,"column":48},"end":{"line":59,"column":5}},"line":55},"3":{"name":"(anonymous_3)","decl":{"start":{"line":60,"column":19},"end":{"line":60,"column":38}},"loc":{"start":{"line":60,"column":46},"end":{"line":64,"column":5}},"line":60},"4":{"name":"(anonymous_4)","decl":{"start":{"line":66,"column":4},"end":{"line":66,"column":17}},"loc":{"start":{"line":66,"column":17},"end":{"line":66,"column":null}},"line":66},"5":{"name":"(anonymous_5)","decl":{"start":{"line":69,"column":8},"end":{"line":69,"column":24}},"loc":{"start":{"line":69,"column":43},"end":{"line":75,"column":null}},"line":69},"6":{"name":"useAppContext","decl":{"start":{"line":95,"column":16},"end":{"line":95,"column":32}},"loc":{"start":{"line":95,"column":32},"end":{"line":99,"column":null}},"line":95}},"branchMap":{"0":{"loc":{"start":{"line":58,"column":6},"end":{"line":58,"column":null}},"type":"if","locations":[{"start":{"line":58,"column":6},"end":{"line":58,"column":null}},{"start":{},"end":{}}],"line":58},"1":{"loc":{"start":{"line":63,"column":6},"end":{"line":63,"column":null}},"type":"if","locations":[{"start":{"line":63,"column":6},"end":{"line":63,"column":null}},{"start":{},"end":{}}],"line":63},"2":{"loc":{"start":{"line":97,"column":2},"end":{"line":97,"column":null}},"type":"if","locations":[{"start":{"line":97,"column":2},"end":{"line":97,"column":null}},{"start":{},"end":{}}],"line":97}},"s":{"0":2,"1":0,"2":0,"3":0,"4":0,"5":0,"6":0,"7":0,"8":0,"9":0,"10":0,"11":0,"12":0,"13":0,"14":0,"15":0,"16":0,"17":0,"18":0,"19":0,"20":0,"21":0,"22":0,"23":0,"24":0,"25":0,"26":0,"27":0,"28":0,"29":0,"30":0,"31":0,"32":0,"33":0,"34":0,"35":0,"36":0,"37":0,"38":0},"f":{"0":0,"1":0,"2":0,"3":0,"4":0,"5":0,"6":0},"b":{"0":[0,0],"1":[0,0],"2":[0,0]},"meta":{"lastBranch":3,"lastFunction":7,"lastStatement":39,"seen":{"s:34:6:34:Infinity":0,"f:36:16:36:28":0,"s:37:22:37:Infinity":1,"s:38:20:38:Infinity":2,"s:39:22:39:Infinity":3,"s:41:21:41:Infinity":4,"s:42:23:42:Infinity":5,"s:43:21:43:Infinity":6,"s:45:19:45:Infinity":7,"s:46:15:46:Infinity":8,"s:47:21:47:Infinity":9,"s:48:14:48:Infinity":10,"s:49:21:49:Infinity":11,"s:51:2:67:Infinity":12,"f:51:2:51:18":1,"s:52:20:52:Infinity":13,"s:53:21:53:Infinity":14,"s:55:10:59:Infinity":15,"f:55:19:55:40":2,"s:56:6:56:Infinity":16,"s:57:6:57:Infinity":17,"b:58:6:58:Infinity:undefined:undefined:undefined:undefined":0,"s:58:6:58:Infinity":18,"s:58:22:58:Infinity":19,"s:60:10:64:Infinity":20,"f:60:19:60:38":3,"s:61:6:61:Infinity":21,"s:62:6:62:Infinity":22,"b:63:6:63:Infinity:undefined:undefined:undefined:undefined":1,"s:63:6:63:Infinity":23,"s:63:21:63:Infinity":24,"s:66:4:66:Infinity":25,"f:66:4:66:17":4,"s:66:19:66:29":26,"s:66:29:66:38":27,"s:69:8:75:Infinity":28,"f:69:8:69:24":5,"s:70:4:70:Infinity":29,"s:71:4:71:Infinity":30,"s:72:4:72:Infinity":31,"s:73:4:73:Infinity":32,"s:74:4:74:Infinity":33,"s:77:2:91:Infinity":34,"f:95:16:95:32":6,"s:96:8:96:Infinity":35,"b:97:2:97:Infinity:undefined:undefined:undefined:undefined":2,"s:97:2:97:Infinity":36,"s:97:12:97:Infinity":37,"s:98:2:98:Infinity":38},"fnNames":{}}}
,"/Users/rick/Documents/Academy/conjuntos-historicos-de-canarias-/src/contexts/AuthContext.tsx": {"path":"/Users/rick/Documents/Academy/conjuntos-historicos-de-canarias-/src/contexts/AuthContext.tsx","statementMap":{"0":{"start":{"line":30,"column":6},"end":{"line":30,"column":null}},"1":{"start":{"line":32,"column":23},"end":{"line":32,"column":null}},"2":{"start":{"line":35,"column":2},"end":{"line":40,"column":null}},"3":{"start":{"line":36,"column":17},"end":{"line":36,"column":null}},"4":{"start":{"line":37,"column":4},"end":{"line":37,"column":null}},"5":{"start":{"line":39,"column":4},"end":{"line":39,"column":null}},"6":{"start":{"line":44,"column":2},"end":{"line":58,"column":null}},"7":{"start":{"line":45,"column":10},"end":{"line":45,"column":null}},"8":{"start":{"line":46,"column":17},"end":{"line":46,"column":null}},"9":{"start":{"line":47,"column":4},"end":{"line":54,"column":null}},"10":{"start":{"line":48,"column":6},"end":{"line":53,"column":null}},"11":{"start":{"line":55,"column":4},"end":{"line":55,"column":null}},"12":{"start":{"line":57,"column":4},"end":{"line":57,"column":null}},"13":{"start":{"line":62,"column":15},"end":{"line":62,"column":null}},"14":{"start":{"line":63,"column":19},"end":{"line":63,"column":null}},"15":{"start":{"line":64,"column":18},"end":{"line":64,"column":null}},"16":{"start":{"line":65,"column":25},"end":{"line":65,"column":null}},"17":{"start":{"line":66,"column":31},"end":{"line":66,"column":null}},"18":{"start":{"line":67,"column":8},"end":{"line":67,"column":null}},"19":{"start":{"line":69,"column":2},"end":{"line":82,"column":null}},"20":{"start":{"line":70,"column":10},"end":{"line":80,"column":null}},"21":{"start":{"line":71,"column":6},"end":{"line":71,"column":null}},"22":{"start":{"line":72,"column":6},"end":{"line":72,"column":null}},"23":{"start":{"line":73,"column":6},"end":{"line":79,"column":null}},"24":{"start":{"line":74,"column":21},"end":{"line":74,"column":null}},"25":{"start":{"line":75,"column":8},"end":{"line":75,"column":null}},"26":{"start":{"line":76,"column":8},"end":{"line":76,"column":null}},"27":{"start":{"line":78,"column":8},"end":{"line":78,"column":null}},"28":{"start":{"line":81,"column":4},"end":{"line":81,"column":null}},"29":{"start":{"line":84,"column":2},"end":{"line":103,"column":null}},"30":{"start":{"line":85,"column":4},"end":{"line":89,"column":null}},"31":{"start":{"line":86,"column":6},"end":{"line":86,"column":null}},"32":{"start":{"line":87,"column":6},"end":{"line":87,"column":null}},"33":{"start":{"line":88,"column":6},"end":{"line":88,"column":null}},"34":{"start":{"line":90,"column":4},"end":{"line":90,"column":null}},"35":{"start":{"line":91,"column":10},"end":{"line":101,"column":null}},"36":{"start":{"line":94,"column":8},"end":{"line":94,"column":null}},"37":{"start":{"line":94,"column":45},"end":{"line":94,"column":57}},"38":{"start":{"line":95,"column":8},"end":{"line":95,"column":null}},"39":{"start":{"line":98,"column":8},"end":{"line":98,"column":null}},"40":{"start":{"line":99,"column":8},"end":{"line":99,"column":null}},"41":{"start":{"line":102,"column":4},"end":{"line":102,"column":null}},"42":{"start":{"line":105,"column":17},"end":{"line":111,"column":null}},"43":{"start":{"line":106,"column":24},"end":{"line":106,"column":null}},"44":{"start":{"line":107,"column":4},"end":{"line":107,"column":null}},"45":{"start":{"line":108,"column":17},"end":{"line":108,"column":null}},"46":{"start":{"line":109,"column":4},"end":{"line":109,"column":null}},"47":{"start":{"line":110,"column":4},"end":{"line":110,"column":null}},"48":{"start":{"line":113,"column":17},"end":{"line":120,"column":null}},"49":{"start":{"line":114,"column":30},"end":{"line":114,"column":null}},"50":{"start":{"line":115,"column":4},"end":{"line":115,"column":null}},"51":{"start":{"line":116,"column":4},"end":{"line":116,"column":null}},"52":{"start":{"line":117,"column":17},"end":{"line":117,"column":null}},"53":{"start":{"line":118,"column":4},"end":{"line":118,"column":null}},"54":{"start":{"line":119,"column":4},"end":{"line":119,"column":null}},"55":{"start":{"line":122,"column":27},"end":{"line":128,"column":null}},"56":{"start":{"line":123,"column":33},"end":{"line":123,"column":null}},"57":{"start":{"line":124,"column":4},"end":{"line":124,"column":null}},"58":{"start":{"line":125,"column":17},"end":{"line":125,"column":null}},"59":{"start":{"line":126,"column":4},"end":{"line":126,"column":null}},"60":{"start":{"line":127,"column":4},"end":{"line":127,"column":null}},"61":{"start":{"line":130,"column":18},"end":{"line":134,"column":null}},"62":{"start":{"line":131,"column":4},"end":{"line":131,"column":null}},"63":{"start":{"line":132,"column":4},"end":{"line":132,"column":null}},"64":{"start":{"line":133,"column":4},"end":{"line":133,"column":null}},"65":{"start":{"line":136,"column":2},"end":{"line":139,"column":null}},"66":{"start":{"line":144,"column":8},"end":{"line":144,"column":null}},"67":{"start":{"line":145,"column":2},"end":{"line":145,"column":null}},"68":{"start":{"line":145,"column":12},"end":{"line":145,"column":null}},"69":{"start":{"line":146,"column":2},"end":{"line":146,"column":null}}},"fnMap":{"0":{"name":"fetchRole","decl":{"start":{"line":34,"column":15},"end":{"line":34,"column":25}},"loc":{"start":{"line":34,"column":57},"end":{"line":41,"column":null}},"line":34},"1":{"name":"ensureUserDoc","decl":{"start":{"line":43,"column":15},"end":{"line":43,"column":29}},"loc":{"start":{"line":43,"column":75},"end":{"line":59,"column":null}},"line":43},"2":{"name":"AuthProvider","decl":{"start":{"line":61,"column":16},"end":{"line":61,"column":29}},"loc":{"start":{"line":61,"column":68},"end":{"line":141,"column":null}},"line":61},"3":{"name":"(anonymous_3)","decl":{"start":{"line":69,"column":2},"end":{"line":69,"column":18}},"loc":{"start":{"line":69,"column":18},"end":{"line":82,"column":5}},"line":69},"4":{"name":"(anonymous_4)","decl":{"start":{"line":70,"column":43},"end":{"line":70,"column":50}},"loc":{"start":{"line":70,"column":67},"end":{"line":80,"column":5}},"line":70},"5":{"name":"(anonymous_5)","decl":{"start":{"line":84,"column":2},"end":{"line":84,"column":18}},"loc":{"start":{"line":84,"column":18},"end":{"line":103,"column":5}},"line":84},"6":{"name":"(anonymous_6)","decl":{"start":{"line":92,"column":55},"end":{"line":92,"column":null}},"loc":{"start":{"line":93,"column":14},"end":{"line":96,"column":null}},"line":93},"7":{"name":"(anonymous_7)","decl":{"start":{"line":94,"column":36},"end":{"line":94,"column":40}},"loc":{"start":{"line":94,"column":45},"end":{"line":94,"column":57}},"line":94},"8":{"name":"(anonymous_8)","decl":{"start":{"line":96,"column":6},"end":{"line":96,"column":null}},"loc":{"start":{"line":97,"column":12},"end":{"line":100,"column":null}},"line":97},"9":{"name":"(anonymous_9)","decl":{"start":{"line":105,"column":17},"end":{"line":105,"column":24}},"loc":{"start":{"line":105,"column":79},"end":{"line":111,"column":null}},"line":105},"10":{"name":"(anonymous_10)","decl":{"start":{"line":113,"column":17},"end":{"line":113,"column":24}},"loc":{"start":{"line":113,"column":93},"end":{"line":120,"column":null}},"line":113},"11":{"name":"(anonymous_11)","decl":{"start":{"line":122,"column":27},"end":{"line":122,"column":58}},"loc":{"start":{"line":122,"column":58},"end":{"line":128,"column":null}},"line":122},"12":{"name":"(anonymous_12)","decl":{"start":{"line":130,"column":18},"end":{"line":130,"column":30}},"loc":{"start":{"line":130,"column":30},"end":{"line":134,"column":null}},"line":130},"13":{"name":"useAuth","decl":{"start":{"line":143,"column":16},"end":{"line":143,"column":26}},"loc":{"start":{"line":143,"column":26},"end":{"line":147,"column":null}},"line":143}},"branchMap":{"0":{"loc":{"start":{"line":37,"column":11},"end":{"line":37,"column":null}},"type":"cond-expr","locations":[{"start":{"line":37,"column":28},"end":{"line":37,"column":60}},{"start":{"line":37,"column":60},"end":{"line":37,"column":null}}],"line":37},"1":{"loc":{"start":{"line":47,"column":4},"end":{"line":54,"column":null}},"type":"if","locations":[{"start":{"line":47,"column":4},"end":{"line":54,"column":null}},{"start":{},"end":{}}],"line":47},"2":{"loc":{"start":{"line":51,"column":21},"end":{"line":51,"column":null}},"type":"binary-expr","locations":[{"start":{"line":51,"column":21},"end":{"line":51,"column":29}},{"start":{"line":51,"column":29},"end":{"line":51,"column":49}},{"start":{"line":51,"column":49},"end":{"line":51,"column":null}}],"line":51},"3":{"loc":{"start":{"line":55,"column":11},"end":{"line":55,"column":null}},"type":"cond-expr","locations":[{"start":{"line":55,"column":28},"end":{"line":55,"column":60}},{"start":{"line":55,"column":60},"end":{"line":55,"column":null}}],"line":55},"4":{"loc":{"start":{"line":73,"column":6},"end":{"line":79,"column":null}},"type":"if","locations":[{"start":{"line":73,"column":6},"end":{"line":79,"column":null}},{"start":{"line":77,"column":13},"end":{"line":79,"column":null}}],"line":73},"5":{"loc":{"start":{"line":74,"column":28},"end":{"line":74,"column":null}},"type":"binary-expr","locations":[{"start":{"line":74,"column":28},"end":{"line":74,"column":51}},{"start":{"line":74,"column":51},"end":{"line":74,"column":null}}],"line":74},"6":{"loc":{"start":{"line":85,"column":4},"end":{"line":89,"column":null}},"type":"if","locations":[{"start":{"line":85,"column":4},"end":{"line":89,"column":null}},{"start":{},"end":{}}],"line":85},"7":{"loc":{"start":{"line":145,"column":2},"end":{"line":145,"column":null}},"type":"if","locations":[{"start":{"line":145,"column":2},"end":{"line":145,"column":null}},{"start":{},"end":{}}],"line":145}},"s":{"0":1,"1":1,"2":0,"3":0,"4":0,"5":0,"6":0,"7":0,"8":0,"9":0,"10":0,"11":0,"12":0,"13":0,"14":0,"15":0,"16":0,"17":0,"18":0,"19":0,"20":0,"21":0,"22":0,"23":0,"24":0,"25":0,"26":0,"27":0,"28":0,"29":0,"30":0,"31":0,"32":0,"33":0,"34":0,"35":0,"36":0,"37":0,"38":0,"39":0,"40":0,"41":0,"42":0,"43":0,"44":0,"45":0,"46":0,"47":0,"48":0,"49":0,"50":0,"51":0,"52":0,"53":0,"54":0,"55":0,"56":0,"57":0,"58":0,"59":0,"60":0,"61":0,"62":0,"63":0,"64":0,"65":0,"66":0,"67":0,"68":0,"69":0},"f":{"0":0,"1":0,"2":0,"3":0,"4":0,"5":0,"6":0,"7":0,"8":0,"9":0,"10":0,"11":0,"12":0,"13":0},"b":{"0":[0,0],"1":[0,0],"2":[0,0,0],"3":[0,0],"4":[0,0],"5":[0,0],"6":[0,0],"7":[0,0]},"meta":{"lastBranch":8,"lastFunction":14,"lastStatement":70,"seen":{"s:30:6:30:Infinity":0,"s:32:23:32:Infinity":1,"f:34:15:34:25":0,"s:35:2:40:Infinity":2,"s:36:17:36:Infinity":3,"s:37:4:37:Infinity":4,"b:37:28:37:60:37:60:37:Infinity":0,"s:39:4:39:Infinity":5,"f:43:15:43:29":1,"s:44:2:58:Infinity":6,"s:45:10:45:Infinity":7,"s:46:17:46:Infinity":8,"b:47:4:54:Infinity:undefined:undefined:undefined:undefined":1,"s:47:4:54:Infinity":9,"s:48:6:53:Infinity":10,"b:51:21:51:29:51:29:51:49:51:49:51:Infinity":2,"s:55:4:55:Infinity":11,"b:55:28:55:60:55:60:55:Infinity":3,"s:57:4:57:Infinity":12,"f:61:16:61:29":2,"s:62:15:62:Infinity":13,"s:63:19:63:Infinity":14,"s:64:18:64:Infinity":15,"s:65:25:65:Infinity":16,"s:66:31:66:Infinity":17,"s:67:8:67:Infinity":18,"s:69:2:82:Infinity":19,"f:69:2:69:18":3,"s:70:10:80:Infinity":20,"f:70:43:70:50":4,"s:71:6:71:Infinity":21,"s:72:6:72:Infinity":22,"b:73:6:79:Infinity:77:13:79:Infinity":4,"s:73:6:79:Infinity":23,"s:74:21:74:Infinity":24,"b:74:28:74:51:74:51:74:Infinity":5,"s:75:8:75:Infinity":25,"s:76:8:76:Infinity":26,"s:78:8:78:Infinity":27,"s:81:4:81:Infinity":28,"s:84:2:103:Infinity":29,"f:84:2:84:18":5,"b:85:4:89:Infinity:undefined:undefined:undefined:undefined":6,"s:85:4:89:Infinity":30,"s:86:6:86:Infinity":31,"s:87:6:87:Infinity":32,"s:88:6:88:Infinity":33,"s:90:4:90:Infinity":34,"s:91:10:101:Infinity":35,"f:92:55:92:Infinity":6,"s:94:8:94:Infinity":36,"f:94:36:94:40":7,"s:94:45:94:57":37,"s:95:8:95:Infinity":38,"f:96:6:96:Infinity":8,"s:98:8:98:Infinity":39,"s:99:8:99:Infinity":40,"s:102:4:102:Infinity":41,"s:105:17:111:Infinity":42,"f:105:17:105:24":9,"s:106:24:106:Infinity":43,"s:107:4:107:Infinity":44,"s:108:17:108:Infinity":45,"s:109:4:109:Infinity":46,"s:110:4:110:Infinity":47,"s:113:17:120:Infinity":48,"f:113:17:113:24":10,"s:114:30:114:Infinity":49,"s:115:4:115:Infinity":50,"s:116:4:116:Infinity":51,"s:117:17:117:Infinity":52,"s:118:4:118:Infinity":53,"s:119:4:119:Infinity":54,"s:122:27:128:Infinity":55,"f:122:27:122:58":11,"s:123:33:123:Infinity":56,"s:124:4:124:Infinity":57,"s:125:17:125:Infinity":58,"s:126:4:126:Infinity":59,"s:127:4:127:Infinity":60,"s:130:18:134:Infinity":61,"f:130:18:130:30":12,"s:131:4:131:Infinity":62,"s:132:4:132:Infinity":63,"s:133:4:133:Infinity":64,"s:136:2:139:Infinity":65,"f:143:16:143:26":13,"s:144:8:144:Infinity":66,"b:145:2:145:Infinity:undefined:undefined:undefined:undefined":7,"s:145:2:145:Infinity":67,"s:145:12:145:Infinity":68,"s:146:2:146:Infinity":69},"fnNames":{}}}
,"/Users/rick/Documents/Academy/conjuntos-historicos-de-canarias-/src/data/actividades.ts": {"path":"/Users/rick/Documents/Academy/conjuntos-historicos-de-canarias-/src/data/actividades.ts","statementMap":{"0":{"start":{"line":25,"column":12},"end":{"line":25,"column":null}},"1":{"start":{"line":27,"column":40},"end":{"line":481,"column":null}},"2":{"start":{"line":484,"column":2},"end":{"line":484,"column":null}},"3":{"start":{"line":484,"column":33},"end":{"line":484,"column":60}},"4":{"start":{"line":488,"column":20},"end":{"line":488,"column":null}},"5":{"start":{"line":488,"column":42},"end":{"line":488,"column":62}},"6":{"start":{"line":489,"column":2},"end":{"line":489,"column":null}},"7":{"start":{"line":489,"column":18},"end":{"line":489,"column":null}},"8":{"start":{"line":490,"column":2},"end":{"line":490,"column":null}},"9":{"start":{"line":490,"column":29},"end":{"line":490,"column":58}}},"fnMap":{"0":{"name":"getActividadesByConjunto","decl":{"start":{"line":483,"column":16},"end":{"line":483,"column":41}},"loc":{"start":{"line":483,"column":74},"end":{"line":485,"column":null}},"line":483},"1":{"name":"(anonymous_1)","decl":{"start":{"line":484,"column":21},"end":{"line":484,"column":28}},"loc":{"start":{"line":484,"column":33},"end":{"line":484,"column":60}},"line":484},"2":{"name":"getConjuntoByActividad","decl":{"start":{"line":487,"column":16},"end":{"line":487,"column":39}},"loc":{"start":{"line":487,"column":82},"end":{"line":491,"column":null}},"line":487},"3":{"name":"(anonymous_3)","decl":{"start":{"line":488,"column":32},"end":{"line":488,"column":37}},"loc":{"start":{"line":488,"column":42},"end":{"line":488,"column":62}},"line":488},"4":{"name":"(anonymous_4)","decl":{"start":{"line":490,"column":19},"end":{"line":490,"column":24}},"loc":{"start":{"line":490,"column":29},"end":{"line":490,"column":58}},"line":490}},"branchMap":{"0":{"loc":{"start":{"line":489,"column":2},"end":{"line":489,"column":null}},"type":"if","locations":[{"start":{"line":489,"column":2},"end":{"line":489,"column":null}},{"start":{},"end":{}}],"line":489}},"s":{"0":3,"1":3,"2":0,"3":0,"4":0,"5":0,"6":0,"7":0,"8":0,"9":0},"f":{"0":0,"1":0,"2":0,"3":0,"4":0},"b":{"0":[0,0]},"meta":{"lastBranch":1,"lastFunction":5,"lastStatement":10,"seen":{"s:25:12:25:Infinity":0,"s:27:40:481:Infinity":1,"f:483:16:483:41":0,"s:484:2:484:Infinity":2,"f:484:21:484:28":1,"s:484:33:484:60":3,"f:487:16:487:39":2,"s:488:20:488:Infinity":4,"f:488:32:488:37":3,"s:488:42:488:62":5,"b:489:2:489:Infinity:undefined:undefined:undefined:undefined":0,"s:489:2:489:Infinity":6,"s:489:18:489:Infinity":7,"s:490:2:490:Infinity":8,"f:490:19:490:24":4,"s:490:29:490:58":9},"fnNames":{}}}
,"/Users/rick/Documents/Academy/conjuntos-historicos-de-canarias-/src/data/conjuntos.ts": {"path":"/Users/rick/Documents/Academy/conjuntos-historicos-de-canarias-/src/data/conjuntos.ts","statementMap":{"0":{"start":{"line":15,"column":37},"end":{"line":127,"column":null}}},"fnMap":{},"branchMap":{},"s":{"0":3},"f":{},"b":{},"meta":{"lastBranch":0,"lastFunction":0,"lastStatement":1,"seen":{"s:15:37:127:Infinity":0},"fnNames":{}}}
,"/Users/rick/Documents/Academy/conjuntos-historicos-de-canarias-/src/data/tematicas.ts": {"path":"/Users/rick/Documents/Academy/conjuntos-historicos-de-canarias-/src/data/tematicas.ts","statementMap":{"0":{"start":{"line":1,"column":25},"end":{"line":12,"column":null}},"1":{"start":{"line":16,"column":57},"end":{"line":27,"column":null}}},"fnMap":{},"branchMap":{},"s":{"0":2,"1":2},"f":{},"b":{},"meta":{"lastBranch":0,"lastFunction":0,"lastStatement":2,"seen":{"s:1:25:12:Infinity":0,"s:16:57:27:Infinity":1},"fnNames":{}}}
,"/Users/rick/Documents/Academy/conjuntos-historicos-de-canarias-/src/lib/db.ts": {"path":"/Users/rick/Documents/Academy/conjuntos-historicos-de-canarias-/src/lib/db.ts","statementMap":{"0":{"start":{"line":22,"column":2},"end":{"line":26,"column":null}},"1":{"start":{"line":23,"column":18},"end":{"line":23,"column":null}},"2":{"start":{"line":23,"column":38},"end":{"line":23,"column":85}},"3":{"start":{"line":24,"column":4},"end":{"line":24,"column":null}},"4":{"start":{"line":24,"column":25},"end":{"line":24,"column":55}},"5":{"start":{"line":25,"column":4},"end":{"line":25,"column":null}},"6":{"start":{"line":30,"column":2},"end":{"line":34,"column":null}},"7":{"start":{"line":31,"column":18},"end":{"line":31,"column":null}},"8":{"start":{"line":31,"column":38},"end":{"line":31,"column":84}},"9":{"start":{"line":32,"column":4},"end":{"line":32,"column":null}},"10":{"start":{"line":32,"column":25},"end":{"line":32,"column":36}},"11":{"start":{"line":33,"column":4},"end":{"line":33,"column":null}},"12":{"start":{"line":40,"column":18},"end":{"line":40,"column":38}},"13":{"start":{"line":44,"column":18},"end":{"line":44,"column":44}},"14":{"start":{"line":53,"column":8},"end":{"line":53,"column":null}},"15":{"start":{"line":54,"column":8},"end":{"line":54,"column":null}},"16":{"start":{"line":55,"column":8},"end":{"line":55,"column":null}},"17":{"start":{"line":57,"column":2},"end":{"line":72,"column":null}},"18":{"start":{"line":58,"column":39},"end":{"line":61,"column":null}},"19":{"start":{"line":63,"column":4},"end":{"line":63,"column":null}},"20":{"start":{"line":63,"column":34},"end":{"line":63,"column":null}},"21":{"start":{"line":65,"column":17},"end":{"line":65,"column":null}},"22":{"start":{"line":66,"column":4},"end":{"line":66,"column":null}},"23":{"start":{"line":66,"column":25},"end":{"line":66,"column":null}},"24":{"start":{"line":67,"column":4},"end":{"line":67,"column":null}},"25":{"start":{"line":67,"column":45},"end":{"line":67,"column":null}},"26":{"start":{"line":69,"column":4},"end":{"line":69,"column":null}},"27":{"start":{"line":70,"column":4},"end":{"line":70,"column":null}},"28":{"start":{"line":71,"column":4},"end":{"line":71,"column":null}},"29":{"start":{"line":76,"column":18},"end":{"line":76,"column":39}},"30":{"start":{"line":80,"column":8},"end":{"line":80,"column":null}},"31":{"start":{"line":81,"column":8},"end":{"line":81,"column":null}},"32":{"start":{"line":82,"column":8},"end":{"line":82,"column":null}},"33":{"start":{"line":84,"column":2},"end":{"line":108,"column":null}},"34":{"start":{"line":85,"column":53},"end":{"line":89,"column":null}},"35":{"start":{"line":92,"column":4},"end":{"line":92,"column":null}},"36":{"start":{"line":92,"column":61},"end":{"line":92,"column":null}},"37":{"start":{"line":95,"column":4},"end":{"line":98,"column":null}},"38":{"start":{"line":96,"column":6},"end":{"line":96,"column":null}},"39":{"start":{"line":97,"column":6},"end":{"line":97,"column":null}},"40":{"start":{"line":101,"column":17},"end":{"line":101,"column":null}},"41":{"start":{"line":102,"column":31},"end":{"line":102,"column":null}},"42":{"start":{"line":103,"column":31},"end":{"line":103,"column":null}},"43":{"start":{"line":105,"column":4},"end":{"line":105,"column":null}},"44":{"start":{"line":106,"column":4},"end":{"line":106,"column":null}},"45":{"start":{"line":107,"column":4},"end":{"line":107,"column":null}},"46":{"start":{"line":114,"column":2},"end":{"line":114,"column":null}},"47":{"start":{"line":118,"column":13},"end":{"line":118,"column":null}},"48":{"start":{"line":119,"column":2},"end":{"line":119,"column":null}},"49":{"start":{"line":126,"column":2},"end":{"line":126,"column":null}},"50":{"start":{"line":130,"column":2},"end":{"line":130,"column":null}},"51":{"start":{"line":134,"column":2},"end":{"line":134,"column":null}},"52":{"start":{"line":138,"column":15},"end":{"line":140,"column":null}},"53":{"start":{"line":141,"column":2},"end":{"line":149,"column":null}},"54":{"start":{"line":142,"column":17},"end":{"line":142,"column":null}},"55":{"start":{"line":143,"column":4},"end":{"line":148,"column":null}},"56":{"start":{"line":155,"column":13},"end":{"line":155,"column":null}},"57":{"start":{"line":156,"column":2},"end":{"line":156,"column":null}},"58":{"start":{"line":163,"column":2},"end":{"line":163,"column":null}},"59":{"start":{"line":169,"column":15},"end":{"line":169,"column":null}},"60":{"start":{"line":170,"column":2},"end":{"line":170,"column":null}},"61":{"start":{"line":170,"column":19},"end":{"line":170,"column":null}},"62":{"start":{"line":172,"column":8},"end":{"line":172,"column":null}},"63":{"start":{"line":173,"column":2},"end":{"line":175,"column":null}},"64":{"start":{"line":174,"column":4},"end":{"line":174,"column":null}},"65":{"start":{"line":176,"column":2},"end":{"line":178,"column":null}},"66":{"start":{"line":177,"column":4},"end":{"line":177,"column":null}},"67":{"start":{"line":179,"column":2},"end":{"line":179,"column":null}}},"fnMap":{"0":{"name":"subscribeActividades","decl":{"start":{"line":21,"column":16},"end":{"line":21,"column":37}},"loc":{"start":{"line":21,"column":83},"end":{"line":27,"column":null}},"line":21},"1":{"name":"(anonymous_1)","decl":{"start":{"line":22,"column":48},"end":{"line":22,"column":51}},"loc":{"start":{"line":22,"column":59},"end":{"line":26,"column":3}},"line":22},"2":{"name":"(anonymous_2)","decl":{"start":{"line":23,"column":28},"end":{"line":23,"column":32}},"loc":{"start":{"line":23,"column":38},"end":{"line":23,"column":85}},"line":23},"3":{"name":"(anonymous_3)","decl":{"start":{"line":24,"column":10},"end":{"line":24,"column":16}},"loc":{"start":{"line":24,"column":25},"end":{"line":24,"column":55}},"line":24},"4":{"name":"subscribeConjuntos","decl":{"start":{"line":29,"column":16},"end":{"line":29,"column":35}},"loc":{"start":{"line":29,"column":80},"end":{"line":35,"column":null}},"line":29},"5":{"name":"(anonymous_5)","decl":{"start":{"line":30,"column":46},"end":{"line":30,"column":49}},"loc":{"start":{"line":30,"column":57},"end":{"line":34,"column":3}},"line":30},"6":{"name":"(anonymous_6)","decl":{"start":{"line":31,"column":28},"end":{"line":31,"column":32}},"loc":{"start":{"line":31,"column":38},"end":{"line":31,"column":84}},"line":31},"7":{"name":"(anonymous_7)","decl":{"start":{"line":32,"column":10},"end":{"line":32,"column":16}},"loc":{"start":{"line":32,"column":25},"end":{"line":32,"column":36}},"line":32},"8":{"name":"constructor","decl":{"start":{"line":40,"column":2},"end":{"line":40,"column":16}},"loc":{"start":{"line":40,"column":16},"end":{"line":40,"column":null}},"line":40},"9":{"name":"constructor_2","decl":{"start":{"line":44,"column":2},"end":{"line":44,"column":16}},"loc":{"start":{"line":44,"column":16},"end":{"line":44,"column":null}},"line":44},"10":{"name":"inscribirse","decl":{"start":{"line":47,"column":22},"end":{"line":47,"column":null}},"loc":{"start":{"line":52,"column":17},"end":{"line":73,"column":null}},"line":52},"11":{"name":"(anonymous_11)","decl":{"start":{"line":57,"column":27},"end":{"line":57,"column":33}},"loc":{"start":{"line":57,"column":39},"end":{"line":72,"column":3}},"line":57},"12":{"name":"constructor_3","decl":{"start":{"line":76,"column":2},"end":{"line":76,"column":16}},"loc":{"start":{"line":76,"column":16},"end":{"line":76,"column":null}},"line":76},"13":{"name":"liberarPlaza","decl":{"start":{"line":79,"column":22},"end":{"line":79,"column":35}},"loc":{"start":{"line":79,"column":84},"end":{"line":109,"column":null}},"line":79},"14":{"name":"(anonymous_14)","decl":{"start":{"line":84,"column":27},"end":{"line":84,"column":33}},"loc":{"start":{"line":84,"column":39},"end":{"line":108,"column":3}},"line":84},"15":{"name":"randomId","decl":{"start":{"line":113,"column":9},"end":{"line":113,"column":28}},"loc":{"start":{"line":113,"column":28},"end":{"line":115,"column":null}},"line":113},"16":{"name":"addActividad","decl":{"start":{"line":117,"column":22},"end":{"line":117,"column":35}},"loc":{"start":{"line":117,"column":79},"end":{"line":120,"column":null}},"line":117},"17":{"name":"updateActividad","decl":{"start":{"line":122,"column":22},"end":{"line":122,"column":null}},"loc":{"start":{"line":125,"column":17},"end":{"line":127,"column":null}},"line":125},"18":{"name":"cancelActividad","decl":{"start":{"line":129,"column":22},"end":{"line":129,"column":38}},"loc":{"start":{"line":129,"column":65},"end":{"line":131,"column":null}},"line":129},"19":{"name":"reactivarActividad","decl":{"start":{"line":133,"column":22},"end":{"line":133,"column":41}},"loc":{"start":{"line":133,"column":68},"end":{"line":135,"column":null}},"line":133},"20":{"name":"getInscritos","decl":{"start":{"line":137,"column":22},"end":{"line":137,"column":35}},"loc":{"start":{"line":137,"column":81},"end":{"line":150,"column":null}},"line":137},"21":{"name":"(anonymous_21)","decl":{"start":{"line":141,"column":19},"end":{"line":141,"column":23}},"loc":{"start":{"line":141,"column":28},"end":{"line":149,"column":3}},"line":141},"22":{"name":"addConjunto","decl":{"start":{"line":154,"column":22},"end":{"line":154,"column":34}},"loc":{"start":{"line":154,"column":94},"end":{"line":157,"column":null}},"line":154},"23":{"name":"updateConjunto","decl":{"start":{"line":159,"column":22},"end":{"line":159,"column":null}},"loc":{"start":{"line":162,"column":17},"end":{"line":164,"column":null}},"line":162},"24":{"name":"seedFirestore","decl":{"start":{"line":168,"column":22},"end":{"line":168,"column":53}},"loc":{"start":{"line":168,"column":53},"end":{"line":180,"column":null}},"line":168}},"branchMap":{"0":{"loc":{"start":{"line":63,"column":4},"end":{"line":63,"column":null}},"type":"if","locations":[{"start":{"line":63,"column":4},"end":{"line":63,"column":null}},{"start":{},"end":{}}],"line":63},"1":{"loc":{"start":{"line":66,"column":4},"end":{"line":66,"column":null}},"type":"if","locations":[{"start":{"line":66,"column":4},"end":{"line":66,"column":null}},{"start":{},"end":{}}],"line":66},"2":{"loc":{"start":{"line":67,"column":4},"end":{"line":67,"column":null}},"type":"if","locations":[{"start":{"line":67,"column":4},"end":{"line":67,"column":null}},{"start":{},"end":{}}],"line":67},"3":{"loc":{"start":{"line":67,"column":9},"end":{"line":67,"column":42}},"type":"binary-expr","locations":[{"start":{"line":67,"column":9},"end":{"line":67,"column":36}},{"start":{"line":67,"column":36},"end":{"line":67,"column":42}}],"line":67},"4":{"loc":{"start":{"line":92,"column":4},"end":{"line":92,"column":null}},"type":"if","locations":[{"start":{"line":92,"column":4},"end":{"line":92,"column":null}},{"start":{},"end":{}}],"line":92},"5":{"loc":{"start":{"line":92,"column":8},"end":{"line":92,"column":61}},"type":"binary-expr","locations":[{"start":{"line":92,"column":8},"end":{"line":92,"column":34}},{"start":{"line":92,"column":34},"end":{"line":92,"column":61}}],"line":92},"6":{"loc":{"start":{"line":95,"column":4},"end":{"line":98,"column":null}},"type":"if","locations":[{"start":{"line":95,"column":4},"end":{"line":98,"column":null}},{"start":{},"end":{}}],"line":95},"7":{"loc":{"start":{"line":102,"column":31},"end":{"line":102,"column":null}},"type":"binary-expr","locations":[{"start":{"line":102,"column":31},"end":{"line":102,"column":47}},{"start":{"line":102,"column":47},"end":{"line":102,"column":null}}],"line":102},"8":{"loc":{"start":{"line":103,"column":31},"end":{"line":103,"column":null}},"type":"binary-expr","locations":[{"start":{"line":103,"column":31},"end":{"line":103,"column":58}},{"start":{"line":103,"column":58},"end":{"line":103,"column":null}}],"line":103},"9":{"loc":{"start":{"line":145,"column":13},"end":{"line":145,"column":null}},"type":"binary-expr","locations":[{"start":{"line":145,"column":13},"end":{"line":145,"column":27}},{"start":{"line":145,"column":27},"end":{"line":145,"column":null}}],"line":145},"10":{"loc":{"start":{"line":146,"column":19},"end":{"line":146,"column":null}},"type":"binary-expr","locations":[{"start":{"line":146,"column":19},"end":{"line":146,"column":39}},{"start":{"line":146,"column":39},"end":{"line":146,"column":null}}],"line":146},"11":{"loc":{"start":{"line":147,"column":18},"end":{"line":147,"column":null}},"type":"binary-expr","locations":[{"start":{"line":147,"column":18},"end":{"line":147,"column":49}},{"start":{"line":147,"column":49},"end":{"line":147,"column":null}}],"line":147},"12":{"loc":{"start":{"line":170,"column":2},"end":{"line":170,"column":null}},"type":"if","locations":[{"start":{"line":170,"column":2},"end":{"line":170,"column":null}},{"start":{},"end":{}}],"line":170}},"s":{"0":0,"1":0,"2":0,"3":0,"4":0,"5":0,"6":0,"7":0,"8":0,"9":0,"10":0,"11":0,"12":2,"13":1,"14":6,"15":6,"16":6,"17":6,"18":6,"19":6,"20":1,"21":5,"22":5,"23":1,"24":4,"25":2,"26":2,"27":2,"28":2,"29":1,"30":4,"31":4,"32":4,"33":4,"34":4,"35":4,"36":1,"37":3,"38":1,"39":1,"40":2,"41":2,"42":4,"43":4,"44":4,"45":4,"46":0,"47":0,"48":0,"49":0,"50":0,"51":0,"52":0,"53":0,"54":0,"55":0,"56":0,"57":0,"58":0,"59":0,"60":0,"61":0,"62":0,"63":0,"64":0,"65":0,"66":0,"67":0},"f":{"0":0,"1":0,"2":0,"3":0,"4":0,"5":0,"6":0,"7":0,"8":2,"9":1,"10":6,"11":6,"12":1,"13":4,"14":4,"15":0,"16":0,"17":0,"18":0,"19":0,"20":0,"21":0,"22":0,"23":0,"24":0},"b":{"0":[1,5],"1":[1,4],"2":[2,2],"3":[4,0],"4":[1,3],"5":[4,2],"6":[1,2],"7":[2,0],"8":[4,0],"9":[0,0],"10":[0,0],"11":[0,0],"12":[0,0]},"meta":{"lastBranch":13,"lastFunction":25,"lastStatement":68,"seen":{"f:21:16:21:37":0,"s:22:2:26:Infinity":0,"f:22:48:22:51":1,"s:23:18:23:Infinity":1,"f:23:28:23:32":2,"s:23:38:23:85":2,"s:24:4:24:Infinity":3,"f:24:10:24:16":3,"s:24:25:24:55":4,"s:25:4:25:Infinity":5,"f:29:16:29:35":4,"s:30:2:34:Infinity":6,"f:30:46:30:49":5,"s:31:18:31:Infinity":7,"f:31:28:31:32":6,"s:31:38:31:84":8,"s:32:4:32:Infinity":9,"f:32:10:32:16":7,"s:32:25:32:36":10,"s:33:4:33:Infinity":11,"f:40:2:40:16":8,"s:40:18:40:38":12,"f:44:2:44:16":9,"s:44:18:44:44":13,"f:47:22:47:Infinity":10,"s:53:8:53:Infinity":14,"s:54:8:54:Infinity":15,"s:55:8:55:Infinity":16,"s:57:2:72:Infinity":17,"f:57:27:57:33":11,"s:58:39:61:Infinity":18,"b:63:4:63:Infinity:undefined:undefined:undefined:undefined":0,"s:63:4:63:Infinity":19,"s:63:34:63:Infinity":20,"s:65:17:65:Infinity":21,"b:66:4:66:Infinity:undefined:undefined:undefined:undefined":1,"s:66:4:66:Infinity":22,"s:66:25:66:Infinity":23,"b:67:4:67:Infinity:undefined:undefined:undefined:undefined":2,"s:67:4:67:Infinity":24,"b:67:9:67:36:67:36:67:42":3,"s:67:45:67:Infinity":25,"s:69:4:69:Infinity":26,"s:70:4:70:Infinity":27,"s:71:4:71:Infinity":28,"f:76:2:76:16":12,"s:76:18:76:39":29,"f:79:22:79:35":13,"s:80:8:80:Infinity":30,"s:81:8:81:Infinity":31,"s:82:8:82:Infinity":32,"s:84:2:108:Infinity":33,"f:84:27:84:33":14,"s:85:53:89:Infinity":34,"b:92:4:92:Infinity:undefined:undefined:undefined:undefined":4,"s:92:4:92:Infinity":35,"b:92:8:92:34:92:34:92:61":5,"s:92:61:92:Infinity":36,"b:95:4:98:Infinity:undefined:undefined:undefined:undefined":6,"s:95:4:98:Infinity":37,"s:96:6:96:Infinity":38,"s:97:6:97:Infinity":39,"s:101:17:101:Infinity":40,"s:102:31:102:Infinity":41,"b:102:31:102:47:102:47:102:Infinity":7,"s:103:31:103:Infinity":42,"b:103:31:103:58:103:58:103:Infinity":8,"s:105:4:105:Infinity":43,"s:106:4:106:Infinity":44,"s:107:4:107:Infinity":45,"f:113:9:113:28":15,"s:114:2:114:Infinity":46,"f:117:22:117:35":16,"s:118:13:118:Infinity":47,"s:119:2:119:Infinity":48,"f:122:22:122:Infinity":17,"s:126:2:126:Infinity":49,"f:129:22:129:38":18,"s:130:2:130:Infinity":50,"f:133:22:133:41":19,"s:134:2:134:Infinity":51,"f:137:22:137:35":20,"s:138:15:140:Infinity":52,"s:141:2:149:Infinity":53,"f:141:19:141:23":21,"s:142:17:142:Infinity":54,"s:143:4:148:Infinity":55,"b:145:13:145:27:145:27:145:Infinity":9,"b:146:19:146:39:146:39:146:Infinity":10,"b:147:18:147:49:147:49:147:Infinity":11,"f:154:22:154:34":22,"s:155:13:155:Infinity":56,"s:156:2:156:Infinity":57,"f:159:22:159:Infinity":23,"s:163:2:163:Infinity":58,"f:168:22:168:53":24,"s:169:15:169:Infinity":59,"b:170:2:170:Infinity:undefined:undefined:undefined:undefined":12,"s:170:2:170:Infinity":60,"s:170:19:170:Infinity":61,"s:172:8:172:Infinity":62,"s:173:2:175:Infinity":63,"s:174:4:174:Infinity":64,"s:176:2:178:Infinity":65,"s:177:4:177:Infinity":66,"s:179:2:179:Infinity":67},"fnNames":{}}}
,"/Users/rick/Documents/Academy/conjuntos-historicos-de-canarias-/src/pages/ActividadPage.tsx": {"path":"/Users/rick/Documents/Academy/conjuntos-historicos-de-canarias-/src/pages/ActividadPage.tsx","statementMap":{"0":{"start":{"line":10,"column":19},"end":{"line":10,"column":null}},"1":{"start":{"line":11,"column":19},"end":{"line":11,"column":null}},"2":{"start":{"line":41,"column":2},"end":{"line":53,"column":null}},"3":{"start":{"line":42,"column":4},"end":{"line":51,"column":null}},"4":{"start":{"line":56,"column":4},"end":{"line":64,"column":null}},"5":{"start":{"line":67,"column":2},"end":{"line":208,"column":null}},"6":{"start":{"line":68,"column":4},"end":{"line":118,"column":null}},"7":{"start":{"line":69,"column":6},"end":{"line":116,"column":null}},"8":{"start":{"line":89,"column":35},"end":{"line":89,"column":null}},"9":{"start":{"line":107,"column":33},"end":{"line":107,"column":null}},"10":{"start":{"line":121,"column":4},"end":{"line":206,"column":null}},"11":{"start":{"line":188,"column":31},"end":{"line":188,"column":null}},"12":{"start":{"line":199,"column":27},"end":{"line":199,"column":null}},"13":{"start":{"line":211,"column":2},"end":{"line":263,"column":null}},"14":{"start":{"line":270,"column":10},"end":{"line":270,"column":null}},"15":{"start":{"line":271,"column":8},"end":{"line":271,"column":null}},"16":{"start":{"line":272,"column":8},"end":{"line":272,"column":null}},"17":{"start":{"line":273,"column":18},"end":{"line":273,"column":null}},"18":{"start":{"line":274,"column":18},"end":{"line":274,"column":null}},"19":{"start":{"line":275,"column":21},"end":{"line":275,"column":null}},"20":{"start":{"line":276,"column":16},"end":{"line":276,"column":null}},"21":{"start":{"line":277,"column":34},"end":{"line":277,"column":null}},"22":{"start":{"line":278,"column":20},"end":{"line":278,"column":null}},"23":{"start":{"line":278,"column":42},"end":{"line":278,"column":61}},"24":{"start":{"line":280,"column":19},"end":{"line":280,"column":null}},"25":{"start":{"line":281,"column":23},"end":{"line":281,"column":null}},"26":{"start":{"line":282,"column":27},"end":{"line":282,"column":null}},"27":{"start":{"line":283,"column":22},"end":{"line":283,"column":null}},"28":{"start":{"line":284,"column":20},"end":{"line":284,"column":null}},"29":{"start":{"line":286,"column":22},"end":{"line":286,"column":null}},"30":{"start":{"line":287,"column":22},"end":{"line":287,"column":null}},"31":{"start":{"line":289,"column":24},"end":{"line":300,"column":null}},"32":{"start":{"line":290,"column":4},"end":{"line":290,"column":null}},"33":{"start":{"line":290,"column":29},"end":{"line":290,"column":null}},"34":{"start":{"line":291,"column":4},"end":{"line":291,"column":null}},"35":{"start":{"line":292,"column":4},"end":{"line":299,"column":null}},"36":{"start":{"line":293,"column":6},"end":{"line":293,"column":null}},"37":{"start":{"line":294,"column":6},"end":{"line":294,"column":null}},"38":{"start":{"line":296,"column":6},"end":{"line":296,"column":null}},"39":{"start":{"line":296,"column":45},"end":{"line":296,"column":null}},"40":{"start":{"line":298,"column":6},"end":{"line":298,"column":null}},"41":{"start":{"line":302,"column":28},"end":{"line":323,"column":null}},"42":{"start":{"line":303,"column":4},"end":{"line":306,"column":null}},"43":{"start":{"line":304,"column":6},"end":{"line":304,"column":null}},"44":{"start":{"line":305,"column":6},"end":{"line":305,"column":null}},"45":{"start":{"line":307,"column":4},"end":{"line":307,"column":null}},"46":{"start":{"line":307,"column":20},"end":{"line":307,"column":null}},"47":{"start":{"line":308,"column":4},"end":{"line":308,"column":null}},"48":{"start":{"line":309,"column":4},"end":{"line":309,"column":null}},"49":{"start":{"line":310,"column":4},"end":{"line":322,"column":null}},"50":{"start":{"line":311,"column":6},"end":{"line":311,"column":null}},"51":{"start":{"line":313,"column":6},"end":{"line":319,"column":null}},"52":{"start":{"line":314,"column":8},"end":{"line":314,"column":null}},"53":{"start":{"line":315,"column":13},"end":{"line":319,"column":null}},"54":{"start":{"line":316,"column":8},"end":{"line":316,"column":null}},"55":{"start":{"line":318,"column":8},"end":{"line":318,"column":null}},"56":{"start":{"line":321,"column":6},"end":{"line":321,"column":null}},"57":{"start":{"line":325,"column":2},"end":{"line":325,"column":null}},"58":{"start":{"line":325,"column":19},"end":{"line":325,"column":null}},"59":{"start":{"line":326,"column":2},"end":{"line":326,"column":null}},"60":{"start":{"line":326,"column":18},"end":{"line":326,"column":null}},"61":{"start":{"line":328,"column":19},"end":{"line":328,"column":null}},"62":{"start":{"line":328,"column":39},"end":{"line":328,"column":68}},"63":{"start":{"line":329,"column":16},"end":{"line":331,"column":null}},"64":{"start":{"line":332,"column":25},"end":{"line":332,"column":null}},"65":{"start":{"line":333,"column":14},"end":{"line":333,"column":null}},"66":{"start":{"line":335,"column":22},"end":{"line":343,"column":null}},"67":{"start":{"line":346,"column":2},"end":{"line":418,"column":null}},"68":{"start":{"line":347,"column":4},"end":{"line":416,"column":null}},"69":{"start":{"line":421,"column":2},"end":{"line":481,"column":null}},"70":{"start":{"line":428,"column":29},"end":{"line":428,"column":null}}},"fnMap":{"0":{"name":"BookingWidget","decl":{"start":{"line":32,"column":16},"end":{"line":32,"column":30}},"loc":{"start":{"line":39,"column":23},"end":{"line":265,"column":null}},"line":39},"1":{"name":"(anonymous_1)","decl":{"start":{"line":89,"column":20},"end":{"line":89,"column":35}},"loc":{"start":{"line":89,"column":35},"end":{"line":89,"column":null}},"line":89},"2":{"name":"(anonymous_2)","decl":{"start":{"line":107,"column":18},"end":{"line":107,"column":33}},"loc":{"start":{"line":107,"column":33},"end":{"line":107,"column":null}},"line":107},"3":{"name":"(anonymous_3)","decl":{"start":{"line":188,"column":16},"end":{"line":188,"column":31}},"loc":{"start":{"line":188,"column":31},"end":{"line":188,"column":null}},"line":188},"4":{"name":"(anonymous_4)","decl":{"start":{"line":199,"column":12},"end":{"line":199,"column":27}},"loc":{"start":{"line":199,"column":27},"end":{"line":199,"column":null}},"line":199},"5":{"name":"ActividadPage","decl":{"start":{"line":269,"column":16},"end":{"line":269,"column":32}},"loc":{"start":{"line":269,"column":32},"end":{"line":483,"column":null}},"line":269},"6":{"name":"(anonymous_6)","decl":{"start":{"line":278,"column":32},"end":{"line":278,"column":37}},"loc":{"start":{"line":278,"column":42},"end":{"line":278,"column":61}},"line":278},"7":{"name":"(anonymous_7)","decl":{"start":{"line":289,"column":24},"end":{"line":289,"column":36}},"loc":{"start":{"line":289,"column":36},"end":{"line":300,"column":null}},"line":289},"8":{"name":"(anonymous_8)","decl":{"start":{"line":302,"column":28},"end":{"line":302,"column":40}},"loc":{"start":{"line":302,"column":40},"end":{"line":323,"column":null}},"line":302},"9":{"name":"(anonymous_9)","decl":{"start":{"line":328,"column":29},"end":{"line":328,"column":34}},"loc":{"start":{"line":328,"column":39},"end":{"line":328,"column":68}},"line":328},"10":{"name":"(anonymous_10)","decl":{"start":{"line":428,"column":14},"end":{"line":428,"column":29}},"loc":{"start":{"line":428,"column":29},"end":{"line":428,"column":null}},"line":428}},"branchMap":{"0":{"loc":{"start":{"line":38,"column":2},"end":{"line":38,"column":null}},"type":"default-arg","locations":[{"start":{"line":38,"column":12},"end":{"line":38,"column":null}}],"line":38},"1":{"loc":{"start":{"line":41,"column":2},"end":{"line":53,"column":null}},"type":"if","locations":[{"start":{"line":41,"column":2},"end":{"line":53,"column":null}},{"start":{},"end":{}}],"line":41},"2":{"loc":{"start":{"line":43,"column":89},"end":{"line":43,"column":126}},"type":"cond-expr","locations":[{"start":{"line":43,"column":99},"end":{"line":43,"column":107}},{"start":{"line":43,"column":107},"end":{"line":43,"column":126}}],"line":43},"3":{"loc":{"start":{"line":67,"column":2},"end":{"line":208,"column":null}},"type":"if","locations":[{"start":{"line":67,"column":2},"end":{"line":208,"column":null}},{"start":{},"end":{}}],"line":67},"4":{"loc":{"start":{"line":67,"column":6},"end":{"line":67,"column":29}},"type":"binary-expr","locations":[{"start":{"line":67,"column":6},"end":{"line":67,"column":18}},{"start":{"line":67,"column":18},"end":{"line":67,"column":29}}],"line":67},"5":{"loc":{"start":{"line":68,"column":4},"end":{"line":118,"column":null}},"type":"if","locations":[{"start":{"line":68,"column":4},"end":{"line":118,"column":null}},{"start":{},"end":{}}],"line":68},"6":{"loc":{"start":{"line":77,"column":13},"end":{"line":112,"column":null}},"type":"cond-expr","locations":[{"start":{"line":78,"column":14},"end":{"line":98,"column":15}},{"start":{"line":98,"column":14},"end":{"line":112,"column":null}}],"line":77},"7":{"loc":{"start":{"line":86,"column":21},"end":{"line":86,"column":null}},"type":"cond-expr","locations":[{"start":{"line":86,"column":33},"end":{"line":86,"column":41}},{"start":{"line":86,"column":41},"end":{"line":86,"column":null}}],"line":86},"8":{"loc":{"start":{"line":144,"column":11},"end":{"line":148,"column":null}},"type":"binary-expr","locations":[{"start":{"line":144,"column":11},"end":{"line":144,"column":null}},{"start":{"line":145,"column":12},"end":{"line":148,"column":null}}],"line":144},"9":{"loc":{"start":{"line":150,"column":11},"end":{"line":163,"column":null}},"type":"binary-expr","locations":[{"start":{"line":150,"column":11},"end":{"line":150,"column":null}},{"start":{"line":151,"column":12},"end":{"line":163,"column":null}}],"line":150},"10":{"loc":{"start":{"line":154,"column":15},"end":{"line":161,"column":null}},"type":"binary-expr","locations":[{"start":{"line":154,"column":15},"end":{"line":154,"column":null}},{"start":{"line":155,"column":16},"end":{"line":161,"column":null}}],"line":154},"11":{"loc":{"start":{"line":175,"column":9},"end":{"line":204,"column":null}},"type":"cond-expr","locations":[{"start":{"line":176,"column":10},"end":{"line":198,"column":11}},{"start":{"line":198,"column":10},"end":{"line":204,"column":null}}],"line":175},"12":{"loc":{"start":{"line":185,"column":17},"end":{"line":185,"column":null}},"type":"cond-expr","locations":[{"start":{"line":185,"column":29},"end":{"line":185,"column":37}},{"start":{"line":185,"column":37},"end":{"line":185,"column":null}}],"line":185},"13":{"loc":{"start":{"line":212,"column":73},"end":{"line":212,"column":null}},"type":"cond-expr","locations":[{"start":{"line":212,"column":83},"end":{"line":212,"column":97}},{"start":{"line":212,"column":97},"end":{"line":212,"column":null}}],"line":212},"14":{"loc":{"start":{"line":215,"column":7},"end":{"line":238,"column":null}},"type":"binary-expr","locations":[{"start":{"line":215,"column":7},"end":{"line":215,"column":null}},{"start":{"line":216,"column":8},"end":{"line":238,"column":null}}],"line":215},"15":{"loc":{"start":{"line":241,"column":7},"end":{"line":244,"column":null}},"type":"binary-expr","locations":[{"start":{"line":241,"column":7},"end":{"line":241,"column":43}},{"start":{"line":241,"column":43},"end":{"line":241,"column":null}},{"start":{"line":242,"column":8},"end":{"line":244,"column":null}}],"line":241},"16":{"loc":{"start":{"line":247,"column":7},"end":{"line":248,"column":null}},"type":"binary-expr","locations":[{"start":{"line":247,"column":7},"end":{"line":247,"column":null}},{"start":{"line":248,"column":8},"end":{"line":248,"column":null}}],"line":247},"17":{"loc":{"start":{"line":252,"column":18},"end":{"line":252,"column":null}},"type":"binary-expr","locations":[{"start":{"line":252,"column":18},"end":{"line":252,"column":55}},{"start":{"line":252,"column":55},"end":{"line":252,"column":71}},{"start":{"line":252,"column":71},"end":{"line":252,"column":null}}],"line":252},"18":{"loc":{"start":{"line":254,"column":29},"end":{"line":254,"column":57}},"type":"cond-expr","locations":[{"start":{"line":254,"column":39},"end":{"line":254,"column":48}},{"start":{"line":254,"column":48},"end":{"line":254,"column":57}}],"line":254},"19":{"loc":{"start":{"line":257,"column":9},"end":{"line":257,"column":null}},"type":"cond-expr","locations":[{"start":{"line":257,"column":24},"end":{"line":257,"column":32}},{"start":{"line":257,"column":32},"end":{"line":257,"column":null}}],"line":257},"20":{"loc":{"start":{"line":257,"column":32},"end":{"line":257,"column":null}},"type":"cond-expr","locations":[{"start":{"line":257,"column":43},"end":{"line":257,"column":68}},{"start":{"line":257,"column":68},"end":{"line":257,"column":null}}],"line":257},"21":{"loc":{"start":{"line":257,"column":68},"end":{"line":257,"column":null}},"type":"cond-expr","locations":[{"start":{"line":257,"column":104},"end":{"line":257,"column":131}},{"start":{"line":257,"column":131},"end":{"line":257,"column":null}}],"line":257},"22":{"loc":{"start":{"line":280,"column":19},"end":{"line":280,"column":null}},"type":"binary-expr","locations":[{"start":{"line":280,"column":19},"end":{"line":280,"column":34}},{"start":{"line":280,"column":34},"end":{"line":280,"column":null}}],"line":280},"23":{"loc":{"start":{"line":286,"column":22},"end":{"line":286,"column":null}},"type":"cond-expr","locations":[{"start":{"line":286,"column":34},"end":{"line":286,"column":93}},{"start":{"line":286,"column":93},"end":{"line":286,"column":null}}],"line":286},"24":{"loc":{"start":{"line":290,"column":4},"end":{"line":290,"column":null}},"type":"if","locations":[{"start":{"line":290,"column":4},"end":{"line":290,"column":null}},{"start":{},"end":{}}],"line":290},"25":{"loc":{"start":{"line":290,"column":8},"end":{"line":290,"column":29}},"type":"binary-expr","locations":[{"start":{"line":290,"column":8},"end":{"line":290,"column":17}},{"start":{"line":290,"column":17},"end":{"line":290,"column":29}}],"line":290},"26":{"loc":{"start":{"line":296,"column":6},"end":{"line":296,"column":null}},"type":"if","locations":[{"start":{"line":296,"column":6},"end":{"line":296,"column":null}},{"start":{},"end":{}}],"line":296},"27":{"loc":{"start":{"line":303,"column":4},"end":{"line":306,"column":null}},"type":"if","locations":[{"start":{"line":303,"column":4},"end":{"line":306,"column":null}},{"start":{},"end":{}}],"line":303},"28":{"loc":{"start":{"line":307,"column":4},"end":{"line":307,"column":null}},"type":"if","locations":[{"start":{"line":307,"column":4},"end":{"line":307,"column":null}},{"start":{},"end":{}}],"line":307},"29":{"loc":{"start":{"line":311,"column":48},"end":{"line":311,"column":66}},"type":"binary-expr","locations":[{"start":{"line":311,"column":48},"end":{"line":311,"column":62}},{"start":{"line":311,"column":62},"end":{"line":311,"column":66}}],"line":311},"30":{"loc":{"start":{"line":311,"column":66},"end":{"line":311,"column":88}},"type":"binary-expr","locations":[{"start":{"line":311,"column":66},"end":{"line":311,"column":86}},{"start":{"line":311,"column":86},"end":{"line":311,"column":88}}],"line":311},"31":{"loc":{"start":{"line":313,"column":6},"end":{"line":319,"column":null}},"type":"if","locations":[{"start":{"line":313,"column":6},"end":{"line":319,"column":null}},{"start":{"line":315,"column":13},"end":{"line":319,"column":null}}],"line":313},"32":{"loc":{"start":{"line":315,"column":13},"end":{"line":319,"column":null}},"type":"if","locations":[{"start":{"line":315,"column":13},"end":{"line":319,"column":null}},{"start":{"line":317,"column":13},"end":{"line":319,"column":null}}],"line":315},"33":{"loc":{"start":{"line":325,"column":2},"end":{"line":325,"column":null}},"type":"if","locations":[{"start":{"line":325,"column":2},"end":{"line":325,"column":null}},{"start":{},"end":{}}],"line":325},"34":{"loc":{"start":{"line":326,"column":2},"end":{"line":326,"column":null}},"type":"if","locations":[{"start":{"line":326,"column":2},"end":{"line":326,"column":null}},{"start":{},"end":{}}],"line":326},"35":{"loc":{"start":{"line":346,"column":2},"end":{"line":418,"column":null}},"type":"if","locations":[{"start":{"line":346,"column":2},"end":{"line":418,"column":null}},{"start":{},"end":{}}],"line":346},"36":{"loc":{"start":{"line":346,"column":6},"end":{"line":346,"column":29}},"type":"binary-expr","locations":[{"start":{"line":346,"column":6},"end":{"line":346,"column":20}},{"start":{"line":346,"column":20},"end":{"line":346,"column":29}}],"line":346},"37":{"loc":{"start":{"line":360,"column":11},"end":{"line":363,"column":null}},"type":"binary-expr","locations":[{"start":{"line":360,"column":11},"end":{"line":360,"column":null}},{"start":{"line":361,"column":12},"end":{"line":363,"column":null}}],"line":360},"38":{"loc":{"start":{"line":394,"column":13},"end":{"line":398,"column":null}},"type":"binary-expr","locations":[{"start":{"line":394,"column":13},"end":{"line":394,"column":null}},{"start":{"line":395,"column":14},"end":{"line":398,"column":null}}],"line":394},"39":{"loc":{"start":{"line":400,"column":13},"end":{"line":412,"column":null}},"type":"binary-expr","locations":[{"start":{"line":400,"column":13},"end":{"line":400,"column":null}},{"start":{"line":401,"column":14},"end":{"line":412,"column":null}}],"line":400},"40":{"loc":{"start":{"line":404,"column":17},"end":{"line":410,"column":null}},"type":"binary-expr","locations":[{"start":{"line":404,"column":17},"end":{"line":404,"column":null}},{"start":{"line":405,"column":18},"end":{"line":410,"column":null}}],"line":404},"41":{"loc":{"start":{"line":422,"column":24},"end":{"line":422,"column":64}},"type":"cond-expr","locations":[{"start":{"line":422,"column":34},"end":{"line":422,"column":43}},{"start":{"line":422,"column":43},"end":{"line":422,"column":64}}],"line":422},"42":{"loc":{"start":{"line":425,"column":9},"end":{"line":434,"column":null}},"type":"binary-expr","locations":[{"start":{"line":425,"column":9},"end":{"line":425,"column":null}},{"start":{"line":426,"column":10},"end":{"line":434,"column":null}}],"line":425},"43":{"loc":{"start":{"line":428,"column":29},"end":{"line":428,"column":null}},"type":"cond-expr","locations":[{"start":{"line":428,"column":39},"end":{"line":428,"column":54}},{"start":{"line":428,"column":54},"end":{"line":428,"column":null}}],"line":428},"44":{"loc":{"start":{"line":462,"column":29},"end":{"line":462,"column":67}},"type":"cond-expr","locations":[{"start":{"line":462,"column":40},"end":{"line":462,"column":64}},{"start":{"line":462,"column":64},"end":{"line":462,"column":67}}],"line":462},"45":{"loc":{"start":{"line":465,"column":13},"end":{"line":477,"column":null}},"type":"binary-expr","locations":[{"start":{"line":465,"column":13},"end":{"line":465,"column":null}},{"start":{"line":466,"column":14},"end":{"line":477,"column":null}}],"line":465}},"s":{"0":1,"1":1,"2":18,"3":3,"4":15,"5":15,"6":8,"7":1,"8":0,"9":0,"10":7,"11":1,"12":1,"13":7,"14":0,"15":0,"16":0,"17":0,"18":0,"19":0,"20":0,"21":0,"22":0,"23":0,"24":0,"25":0,"26":0,"27":0,"28":0,"29":0,"30":0,"31":0,"32":0,"33":0,"34":0,"35":0,"36":0,"37":0,"38":0,"39":0,"40":0,"41":0,"42":0,"43":0,"44":0,"45":0,"46":0,"47":0,"48":0,"49":0,"50":0,"51":0,"52":0,"53":0,"54":0,"55":0,"56":0,"57":0,"58":0,"59":0,"60":0,"61":0,"62":0,"63":0,"64":0,"65":0,"66":0,"67":0,"68":0,"69":0,"70":0},"f":{"0":18,"1":0,"2":0,"3":1,"4":1,"5":0,"6":0,"7":0,"8":0,"9":0,"10":0},"b":{"0":[18],"1":[3,15],"2":[1,2],"3":[8,7],"4":[15,8],"5":[1,7],"6":[0,1],"7":[0,0],"8":[7,0],"9":[8,0],"10":[0,0],"11":[4,3],"12":[1,3],"13":[0,7],"14":[18,7],"15":[18,2,1],"16":[18,1],"17":[18,6,5],"18":[0,7],"19":[1,6],"20":[1,5],"21":[1,4],"22":[0,0],"23":[0,0],"24":[0,0],"25":[0,0],"26":[0,0],"27":[0,0],"28":[0,0],"29":[0,0],"30":[0,0],"31":[0,0],"32":[0,0],"33":[0,0],"34":[0,0],"35":[0,0],"36":[0,0],"37":[0,0],"38":[0,0],"39":[0,0],"40":[0,0],"41":[0,0],"42":[0,0],"43":[0,0],"44":[0,0],"45":[0,0]},"meta":{"lastBranch":46,"lastFunction":11,"lastStatement":71,"seen":{"s:10:19:10:Infinity":0,"s:11:19:11:Infinity":1,"f:32:16:32:30":0,"b:38:12:38:Infinity":0,"b:41:2:53:Infinity:undefined:undefined:undefined:undefined":1,"s:41:2:53:Infinity":2,"s:42:4:51:Infinity":3,"b:43:99:43:107:43:107:43:126":2,"s:56:4:64:Infinity":4,"b:67:2:208:Infinity:undefined:undefined:undefined:undefined":3,"s:67:2:208:Infinity":5,"b:67:6:67:18:67:18:67:29":4,"b:68:4:118:Infinity:undefined:undefined:undefined:undefined":5,"s:68:4:118:Infinity":6,"s:69:6:116:Infinity":7,"b:78:14:98:15:98:14:112:Infinity":6,"b:86:33:86:41:86:41:86:Infinity":7,"f:89:20:89:35":1,"s:89:35:89:Infinity":8,"f:107:18:107:33":2,"s:107:33:107:Infinity":9,"s:121:4:206:Infinity":10,"b:144:11:144:Infinity:145:12:148:Infinity":8,"b:150:11:150:Infinity:151:12:163:Infinity":9,"b:154:15:154:Infinity:155:16:161:Infinity":10,"b:176:10:198:11:198:10:204:Infinity":11,"b:185:29:185:37:185:37:185:Infinity":12,"f:188:16:188:31":3,"s:188:31:188:Infinity":11,"f:199:12:199:27":4,"s:199:27:199:Infinity":12,"s:211:2:263:Infinity":13,"b:212:83:212:97:212:97:212:Infinity":13,"b:215:7:215:Infinity:216:8:238:Infinity":14,"b:241:7:241:43:241:43:241:Infinity:242:8:244:Infinity":15,"b:247:7:247:Infinity:248:8:248:Infinity":16,"b:252:18:252:55:252:55:252:71:252:71:252:Infinity":17,"b:254:39:254:48:254:48:254:57":18,"b:257:24:257:32:257:32:257:Infinity":19,"b:257:43:257:68:257:68:257:Infinity":20,"b:257:104:257:131:257:131:257:Infinity":21,"f:269:16:269:32":5,"s:270:10:270:Infinity":14,"s:271:8:271:Infinity":15,"s:272:8:272:Infinity":16,"s:273:18:273:Infinity":17,"s:274:18:274:Infinity":18,"s:275:21:275:Infinity":19,"s:276:16:276:Infinity":20,"s:277:34:277:Infinity":21,"s:278:20:278:Infinity":22,"f:278:32:278:37":6,"s:278:42:278:61":23,"s:280:19:280:Infinity":24,"b:280:19:280:34:280:34:280:Infinity":22,"s:281:23:281:Infinity":25,"s:282:27:282:Infinity":26,"s:283:22:283:Infinity":27,"s:284:20:284:Infinity":28,"s:286:22:286:Infinity":29,"b:286:34:286:93:286:93:286:Infinity":23,"s:287:22:287:Infinity":30,"s:289:24:300:Infinity":31,"f:289:24:289:36":7,"b:290:4:290:Infinity:undefined:undefined:undefined:undefined":24,"s:290:4:290:Infinity":32,"b:290:8:290:17:290:17:290:29":25,"s:290:29:290:Infinity":33,"s:291:4:291:Infinity":34,"s:292:4:299:Infinity":35,"s:293:6:293:Infinity":36,"s:294:6:294:Infinity":37,"b:296:6:296:Infinity:undefined:undefined:undefined:undefined":26,"s:296:6:296:Infinity":38,"s:296:45:296:Infinity":39,"s:298:6:298:Infinity":40,"s:302:28:323:Infinity":41,"f:302:28:302:40":8,"b:303:4:306:Infinity:undefined:undefined:undefined:undefined":27,"s:303:4:306:Infinity":42,"s:304:6:304:Infinity":43,"s:305:6:305:Infinity":44,"b:307:4:307:Infinity:undefined:undefined:undefined:undefined":28,"s:307:4:307:Infinity":45,"s:307:20:307:Infinity":46,"s:308:4:308:Infinity":47,"s:309:4:309:Infinity":48,"s:310:4:322:Infinity":49,"s:311:6:311:Infinity":50,"b:311:48:311:62:311:62:311:66":29,"b:311:66:311:86:311:86:311:88":30,"b:313:6:319:Infinity:315:13:319:Infinity":31,"s:313:6:319:Infinity":51,"s:314:8:314:Infinity":52,"b:315:13:319:Infinity:317:13:319:Infinity":32,"s:315:13:319:Infinity":53,"s:316:8:316:Infinity":54,"s:318:8:318:Infinity":55,"s:321:6:321:Infinity":56,"b:325:2:325:Infinity:undefined:undefined:undefined:undefined":33,"s:325:2:325:Infinity":57,"s:325:19:325:Infinity":58,"b:326:2:326:Infinity:undefined:undefined:undefined:undefined":34,"s:326:2:326:Infinity":59,"s:326:18:326:Infinity":60,"s:328:19:328:Infinity":61,"f:328:29:328:34":9,"s:328:39:328:68":62,"s:329:16:331:Infinity":63,"s:332:25:332:Infinity":64,"s:333:14:333:Infinity":65,"s:335:22:343:Infinity":66,"b:346:2:418:Infinity:undefined:undefined:undefined:undefined":35,"s:346:2:418:Infinity":67,"b:346:6:346:20:346:20:346:29":36,"s:347:4:416:Infinity":68,"b:360:11:360:Infinity:361:12:363:Infinity":37,"b:394:13:394:Infinity:395:14:398:Infinity":38,"b:400:13:400:Infinity:401:14:412:Infinity":39,"b:404:17:404:Infinity:405:18:410:Infinity":40,"s:421:2:481:Infinity":69,"b:422:34:422:43:422:43:422:64":41,"b:425:9:425:Infinity:426:10:434:Infinity":42,"f:428:14:428:29":10,"s:428:29:428:Infinity":70,"b:428:39:428:54:428:54:428:Infinity":43,"b:462:40:462:64:462:64:462:67":44,"b:465:13:465:Infinity:466:14:477:Infinity":45},"fnNames":{}}}
,"/Users/rick/Documents/Academy/conjuntos-historicos-de-canarias-/src/pages/AdminPage.tsx": {"path":"/Users/rick/Documents/Academy/conjuntos-historicos-de-canarias-/src/pages/AdminPage.tsx","statementMap":{"0":{"start":{"line":15,"column":19},"end":{"line":15,"column":null}},"1":{"start":{"line":16,"column":19},"end":{"line":16,"column":null}},"2":{"start":{"line":17,"column":14},"end":{"line":17,"column":null}},"3":{"start":{"line":18,"column":35},"end":{"line":18,"column":null}},"4":{"start":{"line":19,"column":15},"end":{"line":19,"column":null}},"5":{"start":{"line":28,"column":2},"end":{"line":31,"column":null}},"6":{"start":{"line":36,"column":2},"end":{"line":39,"column":null}},"7":{"start":{"line":44,"column":2},"end":{"line":47,"column":null}},"8":{"start":{"line":51,"column":29},"end":{"line":55,"column":null}},"9":{"start":{"line":60,"column":2},"end":{"line":61,"column":null}},"10":{"start":{"line":73,"column":2},"end":{"line":82,"column":null}},"11":{"start":{"line":77,"column":21},"end":{"line":77,"column":null}},"12":{"start":{"line":92,"column":2},"end":{"line":101,"column":null}},"13":{"start":{"line":95,"column":21},"end":{"line":95,"column":null}},"14":{"start":{"line":106,"column":2},"end":{"line":106,"column":null}},"15":{"start":{"line":106,"column":12},"end":{"line":106,"column":null}},"16":{"start":{"line":107,"column":2},"end":{"line":107,"column":null}},"17":{"start":{"line":115,"column":2},"end":{"line":121,"column":null}},"18":{"start":{"line":118,"column":21},"end":{"line":118,"column":null}},"19":{"start":{"line":131,"column":2},"end":{"line":140,"column":null}},"20":{"start":{"line":145,"column":2},"end":{"line":149,"column":null}},"21":{"start":{"line":156,"column":2},"end":{"line":159,"column":null}},"22":{"start":{"line":157,"column":16},"end":{"line":157,"column":null}},"23":{"start":{"line":158,"column":4},"end":{"line":158,"column":null}},"24":{"start":{"line":159,"column":12},"end":{"line":159,"column":25}},"25":{"start":{"line":163,"column":16},"end":{"line":163,"column":null}},"26":{"start":{"line":164,"column":2},"end":{"line":164,"column":null}},"27":{"start":{"line":164,"column":23},"end":{"line":164,"column":null}},"28":{"start":{"line":165,"column":2},"end":{"line":165,"column":null}},"29":{"start":{"line":171,"column":18},"end":{"line":171,"column":null}},"30":{"start":{"line":172,"column":15},"end":{"line":172,"column":null}},"31":{"start":{"line":174,"column":21},"end":{"line":182,"column":null}},"32":{"start":{"line":175,"column":4},"end":{"line":175,"column":null}},"33":{"start":{"line":176,"column":4},"end":{"line":181,"column":null}},"34":{"start":{"line":177,"column":6},"end":{"line":177,"column":null}},"35":{"start":{"line":178,"column":6},"end":{"line":178,"column":null}},"36":{"start":{"line":180,"column":6},"end":{"line":180,"column":null}},"37":{"start":{"line":184,"column":2},"end":{"line":203,"column":null}},"38":{"start":{"line":216,"column":44},"end":{"line":220,"column":null}},"39":{"start":{"line":222,"column":22},"end":{"line":222,"column":null}},"40":{"start":{"line":227,"column":29},"end":{"line":227,"column":null}},"41":{"start":{"line":228,"column":16},"end":{"line":228,"column":null}},"42":{"start":{"line":230,"column":2},"end":{"line":231,"column":null}},"43":{"start":{"line":230,"column":27},"end":{"line":230,"column":null}},"44":{"start":{"line":231,"column":7},"end":{"line":231,"column":null}},"45":{"start":{"line":231,"column":42},"end":{"line":231,"column":null}},"46":{"start":{"line":233,"column":2},"end":{"line":233,"column":null}},"47":{"start":{"line":233,"column":24},"end":{"line":233,"column":null}},"48":{"start":{"line":234,"column":2},"end":{"line":234,"column":null}},"49":{"start":{"line":234,"column":24},"end":{"line":234,"column":null}},"50":{"start":{"line":236,"column":2},"end":{"line":237,"column":null}},"51":{"start":{"line":236,"column":19},"end":{"line":236,"column":null}},"52":{"start":{"line":237,"column":7},"end":{"line":237,"column":null}},"53":{"start":{"line":237,"column":31},"end":{"line":237,"column":null}},"54":{"start":{"line":239,"column":2},"end":{"line":244,"column":null}},"55":{"start":{"line":239,"column":20},"end":{"line":239,"column":null}},"56":{"start":{"line":241,"column":14},"end":{"line":241,"column":null}},"57":{"start":{"line":242,"column":4},"end":{"line":243,"column":null}},"58":{"start":{"line":242,"column":39},"end":{"line":242,"column":null}},"59":{"start":{"line":243,"column":9},"end":{"line":243,"column":null}},"60":{"start":{"line":243,"column":22},"end":{"line":243,"column":null}},"61":{"start":{"line":246,"column":2},"end":{"line":247,"column":null}},"62":{"start":{"line":247,"column":4},"end":{"line":247,"column":null}},"63":{"start":{"line":249,"column":2},"end":{"line":250,"column":null}},"64":{"start":{"line":250,"column":4},"end":{"line":250,"column":null}},"65":{"start":{"line":252,"column":2},"end":{"line":252,"column":null}},"66":{"start":{"line":256,"column":15},"end":{"line":256,"column":null}},"67":{"start":{"line":257,"column":17},"end":{"line":257,"column":null}},"68":{"start":{"line":258,"column":17},"end":{"line":258,"column":null}},"69":{"start":{"line":259,"column":18},"end":{"line":259,"column":null}},"70":{"start":{"line":260,"column":20},"end":{"line":260,"column":null}},"71":{"start":{"line":262,"column":8},"end":{"line":265,"column":null}},"72":{"start":{"line":262,"column":15},"end":{"line":265,"column":null}},"73":{"start":{"line":263,"column":4},"end":{"line":263,"column":null}},"74":{"start":{"line":263,"column":18},"end":{"line":263,"column":37}},"75":{"start":{"line":264,"column":4},"end":{"line":264,"column":null}},"76":{"start":{"line":264,"column":20},"end":{"line":264,"column":47}},"77":{"start":{"line":267,"column":21},"end":{"line":299,"column":null}},"78":{"start":{"line":268,"column":17},"end":{"line":268,"column":null}},"79":{"start":{"line":269,"column":4},"end":{"line":269,"column":null}},"80":{"start":{"line":269,"column":40},"end":{"line":269,"column":57}},"81":{"start":{"line":269,"column":57},"end":{"line":269,"column":64}},"82":{"start":{"line":270,"column":4},"end":{"line":270,"column":null}},"83":{"start":{"line":271,"column":4},"end":{"line":271,"column":null}},"84":{"start":{"line":272,"column":4},"end":{"line":298,"column":null}},"85":{"start":{"line":273,"column":21},"end":{"line":273,"column":null}},"86":{"start":{"line":274,"column":6},"end":{"line":289,"column":null}},"87":{"start":{"line":290,"column":6},"end":{"line":290,"column":null}},"88":{"start":{"line":291,"column":6},"end":{"line":291,"column":null}},"89":{"start":{"line":292,"column":6},"end":{"line":292,"column":null}},"90":{"start":{"line":293,"column":6},"end":{"line":293,"column":null}},"91":{"start":{"line":293,"column":23},"end":{"line":293,"column":42}},"92":{"start":{"line":295,"column":6},"end":{"line":295,"column":null}},"93":{"start":{"line":297,"column":6},"end":{"line":297,"column":null}},"94":{"start":{"line":301,"column":2},"end":{"line":405,"column":null}},"95":{"start":{"line":319,"column":18},"end":{"line":321,"column":null}},"96":{"start":{"line":330,"column":36},"end":{"line":330,"column":74}},"97":{"start":{"line":362,"column":39},"end":{"line":362,"column":77}},"98":{"start":{"line":418,"column":24},"end":{"line":418,"column":null}},"99":{"start":{"line":419,"column":17},"end":{"line":419,"column":null}},"100":{"start":{"line":420,"column":22},"end":{"line":420,"column":null}},"101":{"start":{"line":422,"column":16},"end":{"line":422,"column":null}},"102":{"start":{"line":423,"column":16},"end":{"line":423,"column":null}},"103":{"start":{"line":424,"column":16},"end":{"line":426,"column":null}},"104":{"start":{"line":427,"column":22},"end":{"line":427,"column":null}},"105":{"start":{"line":429,"column":23},"end":{"line":436,"column":null}},"106":{"start":{"line":430,"column":4},"end":{"line":430,"column":null}},"107":{"start":{"line":431,"column":4},"end":{"line":431,"column":null}},"108":{"start":{"line":432,"column":4},"end":{"line":432,"column":null}},"109":{"start":{"line":433,"column":4},"end":{"line":435,"column":null}},"110":{"start":{"line":433,"column":10},"end":{"line":433,"column":46}},"111":{"start":{"line":434,"column":12},"end":{"line":434,"column":69}},"112":{"start":{"line":435,"column":14},"end":{"line":435,"column":32}},"113":{"start":{"line":435,"column":32},"end":{"line":435,"column":56}},"114":{"start":{"line":438,"column":26},"end":{"line":445,"column":null}},"115":{"start":{"line":439,"column":4},"end":{"line":439,"column":null}},"116":{"start":{"line":440,"column":4},"end":{"line":440,"column":null}},"117":{"start":{"line":441,"column":4},"end":{"line":441,"column":null}},"118":{"start":{"line":442,"column":4},"end":{"line":444,"column":null}},"119":{"start":{"line":442,"column":10},"end":{"line":442,"column":49}},"120":{"start":{"line":443,"column":12},"end":{"line":443,"column":70}},"121":{"start":{"line":444,"column":14},"end":{"line":444,"column":31}},"122":{"start":{"line":447,"column":2},"end":{"line":525,"column":null}},"123":{"start":{"line":503,"column":30},"end":{"line":503,"column":51}},"124":{"start":{"line":503,"column":51},"end":{"line":503,"column":75}},"125":{"start":{"line":518,"column":28},"end":{"line":518,"column":49}},"126":{"start":{"line":518,"column":49},"end":{"line":518,"column":72}},"127":{"start":{"line":530,"column":19},"end":{"line":530,"column":null}},"128":{"start":{"line":531,"column":19},"end":{"line":531,"column":null}},"129":{"start":{"line":531,"column":43},"end":{"line":531,"column":75}},"130":{"start":{"line":531,"column":92},"end":{"line":531,"column":122}},"131":{"start":{"line":532,"column":19},"end":{"line":532,"column":null}},"132":{"start":{"line":532,"column":43},"end":{"line":532,"column":76}},"133":{"start":{"line":532,"column":93},"end":{"line":532,"column":123}},"134":{"start":{"line":534,"column":27},"end":{"line":534,"column":null}},"135":{"start":{"line":535,"column":27},"end":{"line":535,"column":null}},"136":{"start":{"line":536,"column":27},"end":{"line":536,"column":null}},"137":{"start":{"line":537,"column":27},"end":{"line":537,"column":null}},"138":{"start":{"line":538,"column":27},"end":{"line":538,"column":null}},"139":{"start":{"line":539,"column":27},"end":{"line":539,"column":null}},"140":{"start":{"line":541,"column":29},"end":{"line":541,"column":null}},"141":{"start":{"line":542,"column":29},"end":{"line":542,"column":null}},"142":{"start":{"line":542,"column":51},"end":{"line":542,"column":70}},"143":{"start":{"line":543,"column":29},"end":{"line":545,"column":null}},"144":{"start":{"line":546,"column":29},"end":{"line":550,"column":null}},"145":{"start":{"line":552,"column":25},"end":{"line":564,"column":null}},"146":{"start":{"line":553,"column":4},"end":{"line":553,"column":null}},"147":{"start":{"line":554,"column":4},"end":{"line":554,"column":null}},"148":{"start":{"line":555,"column":4},"end":{"line":563,"column":null}},"149":{"start":{"line":556,"column":19},"end":{"line":556,"column":null}},"150":{"start":{"line":557,"column":6},"end":{"line":557,"column":null}},"151":{"start":{"line":558,"column":6},"end":{"line":558,"column":null}},"152":{"start":{"line":560,"column":6},"end":{"line":560,"column":null}},"153":{"start":{"line":562,"column":6},"end":{"line":562,"column":null}},"154":{"start":{"line":566,"column":2},"end":{"line":570,"column":null}},"155":{"start":{"line":567,"column":4},"end":{"line":567,"column":null}},"156":{"start":{"line":567,"column":21},"end":{"line":567,"column":null}},"157":{"start":{"line":568,"column":4},"end":{"line":568,"column":null}},"158":{"start":{"line":568,"column":76},"end":{"line":568,"column":null}},"159":{"start":{"line":569,"column":4},"end":{"line":569,"column":null}},"160":{"start":{"line":572,"column":8},"end":{"line":573,"column":null}},"161":{"start":{"line":573,"column":4},"end":{"line":573,"column":null}},"162":{"start":{"line":573,"column":26},"end":{"line":573,"column":49}},"163":{"start":{"line":575,"column":15},"end":{"line":578,"column":null}},"164":{"start":{"line":576,"column":83},"end":{"line":576,"column":105}},"165":{"start":{"line":577,"column":83},"end":{"line":577,"column":105}},"166":{"start":{"line":580,"column":2},"end":{"line":656,"column":null}},"167":{"start":{"line":595,"column":29},"end":{"line":595,"column":null}},"168":{"start":{"line":614,"column":16},"end":{"line":617,"column":null}},"169":{"start":{"line":628,"column":12},"end":{"line":636,"column":null}},"170":{"start":{"line":645,"column":14},"end":{"line":650,"column":null}},"171":{"start":{"line":649,"column":31},"end":{"line":649,"column":null}},"172":{"start":{"line":668,"column":2},"end":{"line":674,"column":null}},"173":{"start":{"line":678,"column":2},"end":{"line":686,"column":null}},"174":{"start":{"line":684,"column":61},"end":{"line":684,"column":69}},"175":{"start":{"line":692,"column":28},"end":{"line":692,"column":null}},"176":{"start":{"line":694,"column":2},"end":{"line":695,"column":null}},"177":{"start":{"line":694,"column":27},"end":{"line":694,"column":null}},"178":{"start":{"line":695,"column":7},"end":{"line":695,"column":null}},"179":{"start":{"line":695,"column":42},"end":{"line":695,"column":null}},"180":{"start":{"line":697,"column":2},"end":{"line":697,"column":null}},"181":{"start":{"line":697,"column":18},"end":{"line":697,"column":null}},"182":{"start":{"line":699,"column":2},"end":{"line":702,"column":null}},"183":{"start":{"line":700,"column":14},"end":{"line":700,"column":null}},"184":{"start"
[...]
ions":[{"start":{"line":1034,"column":15},"end":{"line":1034,"column":null}},{"start":{"line":1035,"column":16},"end":{"line":1038,"column":null}}],"line":1034},"97":{"loc":{"start":{"line":1043,"column":81},"end":{"line":1043,"column":null}},"type":"cond-expr","locations":[{"start":{"line":1043,"column":90},"end":{"line":1043,"column":108}},{"start":{"line":1043,"column":108},"end":{"line":1043,"column":null}}],"line":1043},"98":{"loc":{"start":{"line":1083,"column":16},"end":{"line":1083,"column":null}},"type":"cond-expr","locations":[{"start":{"line":1083,"column":25},"end":{"line":1083,"column":40}},{"start":{"line":1083,"column":40},"end":{"line":1083,"column":null}}],"line":1083},"99":{"loc":{"start":{"line":1085,"column":13},"end":{"line":1089,"column":null}},"type":"binary-expr","locations":[{"start":{"line":1085,"column":13},"end":{"line":1085,"column":null}},{"start":{"line":1086,"column":14},"end":{"line":1089,"column":null}}],"line":1085},"100":{"loc":{"start":{"line":1139,"column":11},"end":{"line":1139,"column":null}},"type":"binary-expr","locations":[{"start":{"line":1139,"column":11},"end":{"line":1139,"column":27}},{"start":{"line":1139,"column":27},"end":{"line":1139,"column":55}},{"start":{"line":1139,"column":55},"end":{"line":1139,"column":null}}],"line":1139},"101":{"loc":{"start":{"line":1141,"column":11},"end":{"line":1141,"column":null}},"type":"binary-expr","locations":[{"start":{"line":1141,"column":11},"end":{"line":1141,"column":39}},{"start":{"line":1141,"column":39},"end":{"line":1141,"column":null}}],"line":1141},"102":{"loc":{"start":{"line":1142,"column":11},"end":{"line":1142,"column":null}},"type":"binary-expr","locations":[{"start":{"line":1142,"column":11},"end":{"line":1142,"column":39}},{"start":{"line":1142,"column":39},"end":{"line":1142,"column":null}}],"line":1142},"103":{"loc":{"start":{"line":1143,"column":11},"end":{"line":1143,"column":null}},"type":"binary-expr","locations":[{"start":{"line":1143,"column":11},"end":{"line":1143,"column":39}},{"start":{"line":1143,"column":39},"end":{"line":1143,"column":null}}],"line":1143}},"s":{"0":1,"1":1,"2":1,"3":1,"4":1,"5":0,"6":0,"7":0,"8":1,"9":0,"10":0,"11":0,"12":0,"13":0,"14":0,"15":0,"16":0,"17":0,"18":0,"19":0,"20":0,"21":3,"22":3,"23":3,"24":1,"25":4,"26":4,"27":1,"28":3,"29":0,"30":0,"31":0,"32":0,"33":0,"34":0,"35":0,"36":0,"37":0,"38":1,"39":1,"40":26,"41":26,"42":26,"43":2,"44":24,"45":1,"46":26,"47":2,"48":26,"49":1,"50":26,"51":1,"52":25,"53":1,"54":26,"55":1,"56":25,"57":25,"58":4,"59":21,"60":1,"61":26,"62":2,"63":26,"64":2,"65":26,"66":0,"67":0,"68":0,"69":0,"70":0,"71":0,"72":0,"73":0,"74":0,"75":0,"76":0,"77":0,"78":0,"79":0,"80":0,"81":0,"82":0,"83":0,"84":0,"85":0,"86":0,"87":0,"88":0,"89":0,"90":0,"91":0,"92":0,"93":0,"94":0,"95":0,"96":0,"97":0,"98":0,"99":0,"100":0,"101":0,"102":0,"103":0,"104":0,"105":0,"106":0,"107":0,"108":0,"109":0,"110":0,"111":0,"112":0,"113":0,"114":0,"115":0,"116":0,"117":0,"118":0,"119":0,"120":0,"121":0,"122":0,"123":0,"124":0,"125":0,"126":0,"127":0,"128":0,"129":0,"130":0,"131":0,"132":0,"133":0,"134":0,"135":0,"136":0,"137":0,"138":0,"139":0,"140":0,"141":0,"142":0,"143":0,"144":0,"145":0,"146":0,"147":0,"148":0,"149":0,"150":0,"151":0,"152":0,"153":0,"154":0,"155":0,"156":0,"157":0,"158":0,"159":0,"160":0,"161":0,"162":0,"163":0,"164":0,"165":0,"166":0,"167":0,"168":0,"169":0,"170":0,"171":0,"172":0,"173":0,"174":0,"175":0,"176":0,"177":0,"178":0,"179":0,"180":0,"181":0,"182":0,"183":0,"184":0,"185":0,"186":0,"187":0,"188":0,"189":0,"190":0,"191":0,"192":0,"193":0,"194":0,"195":0,"196":0,"197":0,"198":0,"199":0,"200":0,"201":0,"202":0,"203":0,"204":0,"205":0,"206":0,"207":0,"208":0,"209":0,"210":0,"211":0,"212":0,"213":0,"214":0,"215":0,"216":0,"217":0,"218":0,"219":0,"220":0,"221":0,"222":0,"223":0,"224":0,"225":0,"226":0,"227":0,"228":0,"229":0,"230":0,"231":0,"232":0,"233":0,"234":0,"235":0,"236":0,"237":0,"238":0,"239":0,"240":0,"241":0,"242":0,"243":0,"244":0,"245":0,"246":0,"247":0,"248":0,"249":0,"250":0,"251":0,"252":0,"253":0,"254":0,"255":0,"256":0,"257":0,"258":0,"259":0,"260":0,"261":0,"262":0,"263":0,"264":0,"265":0,"266":0,"267":0,"268":0,"269":0,"270":0,"271":0,"272":0,"273":0,"274":0,"275":0,"276":0,"277":0,"278":0},"f":{"0":0,"1":0,"2":0,"3":0,"4":0,"5":0,"6":0,"7":0,"8":0,"9":0,"10":0,"11":0,"12":0,"13":3,"14":4,"15":0,"16":0,"17":26,"18":0,"19":0,"20":0,"21":0,"22":0,"23":0,"24":0,"25":0,"26":0,"27":0,"28":0,"29":0,"30":0,"31":0,"32":0,"33":0,"34":0,"35":0,"36":0,"37":0,"38":0,"39":0,"40":0,"41":0,"42":0,"43":0,"44":0,"45":0,"46":0,"47":0,"48":0,"49":0,"50":0,"51":0,"52":0,"53":0,"54":0,"55":0,"56":0,"57":0,"58":0,"59":0,"60":0,"61":0,"62":0,"63":0,"64":0,"65":0,"66":0,"67":0,"68":0,"69":0,"70":0,"71":0,"72":0,"73":0,"74":0,"75":0,"76":0,"77":0,"78":0,"79":0,"80":0,"81":0,"82":0,"83":0,"84":0,"85":0,"86":0},"b":{"0":[0],"1":[0],"2":[0],"3":[0,0],"4":[0],"5":[0,0],"6":[0,0],"7":[0],"8":[0],"9":[0,0],"10":[0,0],"11":[0,0],"12":[3,2],"13":[1,3],"14":[0,0],"15":[0,0],"16":[0,0],"17":[2,24],"18":[1,23],"19":[2,24],"20":[1,25],"21":[1,25],"22":[1,24],"23":[1,25],"24":[4,21],"25":[25,24],"26":[1,20],"27":[2,24],"28":[26,4],"29":[2,24],"30":[26,3],"31":[0,0],"32":[0,0],"33":[0,0],"34":[0,0],"35":[0,0],"36":[0,0],"37":[0,0],"38":[0,0],"39":[0,0],"40":[0,0],"41":[0,0],"42":[0,0],"43":[0,0],"44":[0,0],"45":[0,0],"46":[0,0],"47":[0,0],"48":[0,0],"49":[0,0],"50":[0,0],"51":[0,0],"52":[0,0],"53":[0,0],"54":[0,0],"55":[0,0],"56":[0,0],"57":[0,0],"58":[0,0],"59":[0,0],"60":[0,0],"61":[0,0],"62":[0,0],"63":[0,0],"64":[0,0],"65":[0,0],"66":[0,0],"67":[0,0],"68":[0,0],"69":[0,0],"70":[0,0],"71":[0,0],"72":[0,0],"73":[0,0],"74":[0,0],"75":[0,0],"76":[0,0],"77":[0,0,0],"78":[0,0],"79":[0,0],"80":[0,0,0],"81":[0,0],"82":[0,0],"83":[0,0],"84":[0,0],"85":[0,0],"86":[0,0],"87":[0,0],"88":[0,0],"89":[0,0],"90":[0,0,0],"91":[0,0],"92":[0,0],"93":[0,0],"94":[0,0],"95":[0,0],"96":[0,0],"97":[0,0],"98":[0,0],"99":[0,0],"100":[0,0,0],"101":[0,0],"102":[0,0],"103":[0,0]},"meta":{"lastBranch":104,"lastFunction":87,"lastStatement":279,"seen":{"s:15:19:15:Infinity":0,"s:16:19:16:Infinity":1,"s:17:14:17:Infinity":2,"s:18:35:18:Infinity":3,"s:19:15:19:Infinity":4,"f:27:9:27:24":0,"s:28:2:31:Infinity":5,"f:35:9:35:28":1,"s:36:2:39:Infinity":6,"f:43:9:43:21":2,"s:44:2:47:Infinity":7,"s:51:29:55:Infinity":8,"f:59:9:59:20":3,"s:60:2:61:Infinity":9,"f:65:9:65:15":4,"b:65:41:65:49":0,"b:65:74:65:78":1,"b:65:86:65:Infinity":2,"s:73:2:82:Infinity":10,"f:77:6:77:16":5,"s:77:21:77:Infinity":11,"b:80:16:80:56:80:56:80:Infinity":3,"f:86:9:86:16":6,"b:86:53:86:Infinity":4,"s:92:2:101:Infinity":12,"f:95:6:95:16":7,"s:95:21:95:Infinity":13,"b:97:16:97:56:97:56:97:Infinity":5,"f:105:9:105:20":8,"b:106:2:106:Infinity:undefined:undefined:undefined:undefined":6,"s:106:2:106:Infinity":14,"s:106:12:106:Infinity":15,"s:107:2:107:Infinity":16,"f:110:9:110:18":9,"b:110:44:110:Infinity":7,"s:115:2:121:Infinity":17,"f:118:6:118:16":10,"s:118:21:118:Infinity":18,"f:125:9:125:20":11,"b:125:57:125:Infinity":8,"s:131:2:140:Infinity":19,"b:136:18:136:46:136:46:136:Infinity":9,"b:139:17:139:25:139:25:139:Infinity":10,"b:139:35:139:50:139:50:139:Infinity":11,"f:144:9:144:21":12,"s:145:2:149:Infinity":20,"f:155:9:155:20":13,"s:156:2:159:Infinity":21,"s:157:16:157:Infinity":22,"s:158:4:158:Infinity":23,"b:158:11:158:39:158:39:158:Infinity":12,"s:159:12:159:25":24,"f:162:9:162:25":14,"s:163:16:163:Infinity":25,"b:164:2:164:Infinity:undefined:undefined:undefined:undefined":13,"s:164:2:164:Infinity":26,"s:164:23:164:Infinity":27,"s:165:2:165:Infinity":28,"f:170:9:170:22":15,"s:171:18:171:Infinity":29,"s:172:15:172:Infinity":30,"s:174:21:182:Infinity":31,"f:174:21:174:33":16,"s:175:4:175:Infinity":32,"s:176:4:181:Infinity":33,"s:177:6:177:Infinity":34,"s:178:6:178:Infinity":35,"s:180:6:180:Infinity":36,"s:184:2:203:Infinity":37,"b:190:14:190:Infinity:191:14:191:Infinity":14,"b:194:7:194:Infinity:195:8:203:Infinity":15,"b:200:21:200:29:200:29:200:Infinity":16,"s:216:44:220:Infinity":38,"s:222:22:222:Infinity":39,"f:226:16:226:34":17,"s:227:29:227:Infinity":40,"s:228:16:228:Infinity":41,"b:230:2:231:Infinity:231:7:231:Infinity":17,"s:230:2:231:Infinity":42,"s:230:27:230:Infinity":43,"b:231:7:231:Infinity:undefined:undefined:undefined:undefined":18,"s:231:7:231:Infinity":44,"s:231:42:231:Infinity":45,"b:233:2:233:Infinity:undefined:undefined:undefined:undefined":19,"s:233:2:233:Infinity":46,"s:233:24:233:Infinity":47,"b:234:2:234:Infinity:undefined:undefined:undefined:undefined":20,"s:234:2:234:Infinity":48,"s:234:24:234:Infinity":49,"b:236:2:237:Infinity:237:7:237:Infinity":21,"s:236:2:237:Infinity":50,"s:236:19:236:Infinity":51,"b:237:7:237:Infinity:undefined:undefined:undefined:undefined":22,"s:237:7:237:Infinity":52,"s:237:31:237:Infinity":53,"b:239:2:244:Infinity:240:7:244:Infinity":23,"s:239:2:244:Infinity":54,"s:239:20:239:Infinity":55,"s:241:14:241:Infinity":56,"b:242:4:243:Infinity:243:9:243:Infinity":24,"s:242:4:243:Infinity":57,"b:242:8:242:32:242:32:242:39":25,"s:242:39:242:Infinity":58,"b:243:9:243:Infinity:undefined:undefined:undefined:undefined":26,"s:243:9:243:Infinity":59,"s:243:22:243:Infinity":60,"b:246:2:247:Infinity:undefined:undefined:undefined:undefined":27,"s:246:2:247:Infinity":61,"b:246:6:246:30:246:30:246:Infinity":28,"s:247:4:247:Infinity":62,"b:249:2:250:Infinity:undefined:undefined:undefined:undefined":29,"s:249:2:250:Infinity":63,"b:249:6:249:28:249:28:249:Infinity":30,"s:250:4:250:Infinity":64,"s:252:2:252:Infinity":65,"f:255:9:255:23":18,"s:256:15:256:Infinity":66,"s:257:17:257:Infinity":67,"s:258:17:258:Infinity":68,"s:259:18:259:Infinity":69,"s:260:20:260:Infinity":70,"s:262:8:265:Infinity":71,"f:262:8:262:15":19,"s:262:15:265:Infinity":72,"f:262:15:262:45":20,"s:263:4:263:Infinity":73,"f:263:4:263:12":21,"s:263:18:263:37":74,"s:264:4:264:Infinity":75,"f:264:4:264:14":22,"s:264:20:264:47":76,"s:267:21:299:Infinity":77,"f:267:21:267:33":23,"s:268:17:268:Infinity":78,"b:269:4:269:Infinity:undefined:undefined:undefined:undefined":31,"s:269:4:269:Infinity":79,"s:269:40:269:57":80,"s:269:57:269:64":81,"s:270:4:270:Infinity":82,"s:271:4:271:Infinity":83,"s:272:4:298:Infinity":84,"s:273:21:273:Infinity":85,"s:274:6:289:Infinity":86,"b:281:21:281:40:281:40:281:Infinity":32,"b:288:16:288:31:288:31:288:Infinity":33,"s:290:6:290:Infinity":87,"s:291:6:291:Infinity":88,"s:292:6:292:Infinity":89,"s:293:6:293:Infinity":90,"f:293:6:293:23":24,"s:293:23:293:42":91,"s:295:6:295:Infinity":92,"s:297:6:297:Infinity":93,"s:301:2:405:Infinity":94,"f:318:27:318:31":25,"s:319:18:321:Infinity":95,"f:330:27:330:31":26,"s:330:36:330:74":96,"f:362:30:362:34":27,"s:362:39:362:77":97,"b:401:11:401:24:401:24:401:Infinity":34,"f:417:9:417:22":28,"s:418:24:418:Infinity":98,"s:419:17:419:Infinity":99,"s:420:22:420:Infinity":100,"s:422:16:422:Infinity":101,"s:423:16:423:Infinity":102,"b:423:39:423:86:423:86:423:Infinity":35,"s:424:16:426:Infinity":103,"s:427:22:427:Infinity":104,"s:429:23:436:Infinity":105,"f:429:23:429:30":29,"s:430:4:430:Infinity":106,"s:431:4:431:Infinity":107,"s:432:4:432:Infinity":108,"s:433:4:435:Infinity":109,"s:433:10:433:46":110,"s:434:12:434:69":111,"s:435:14:435:32":112,"s:435:32:435:56":113,"s:438:26:445:Infinity":114,"f:438:26:438:33":30,"s:439:4:439:Infinity":115,"s:440:4:440:Infinity":116,"s:441:4:441:Infinity":117,"s:442:4:444:Infinity":118,"s:442:10:442:49":119,"s:443:12:443:70":120,"s:444:14:444:31":121,"s:447:2:525:Infinity":122,"b:451:12:451:Infinity:452:12:454:Infinity":36,"b:453:14:453:Infinity:454:14:454:Infinity":37,"b:461:65:461:97:461:97:461:Infinity":38,"b:464:11:464:Infinity:465:12:469:Infinity":39,"b:476:45:476:57:476:57:476:Infinity":40,"b:476:69:476:81:476:81:476:Infinity":41,"b:476:93:476:105:476:105:476:Infinity":42,"b:486:7:486:Infinity:487:8:487:Infinity":43,"b:493:10:500:Infinity:500:12:522:Infinity":44,"b:498:22:498:30:498:30:498:Infinity":45,"b:501:10:517:11:517:10:522:Infinity":46,"f:503:14:503:23":31,"s:503:30:503:51":123,"s:503:51:503:75":124,"b:513:24:513:32:513:32:513:Infinity":47,"f:518:12:518:21":32,"s:518:28:518:49":125,"s:518:49:518:72":126,"f:529:9:529:27":33,"s:530:19:530:Infinity":127,"s:531:19:531:Infinity":128,"f:531:31:531:38":34,"s:531:43:531:75":129,"b:531:43:531:63:531:63:531:75":48,"f:531:77:531:83":35,"s:531:92:531:122":130,"s:532:19:532:Infinity":131,"f:532:31:532:38":36,"s:532:43:532:76":132,"b:532:43:532:63:532:63:532:76":49,"f:532:78:532:84":37,"s:532:93:532:123":133,"s:534:27:534:Infinity":134,"s:535:27:535:Infinity":135,"s:536:27:536:Infinity":136,"s:537:27:537:Infinity":137,"s:538:27:538:Infinity":138,"s:539:27:539:Infinity":139,"s:541:29:541:Infinity":140,"b:541:43:541:53:541:53:541:Infinity":50,"s:542:29:542:Infinity":141,"f:542:41:542:46":38,"s:542:51:542:70":142,"s:543:29:545:Infinity":143,"b:544:6:544:Infinity:545:6:545:Infinity":51,"s:546:29:550:Infinity":144,"b:547:6:549:Infinity:550:6:550:Infinity":52,"s:552:25:564:Infinity":145,"f:552:25:552:32":39,"s:553:4:553:Infinity":146,"s:554:4:554:Infinity":147,"s:555:4:563:Infinity":148,"s:556:19:556:Infinity":149,"s:557:6:557:Infinity":150,"s:558:6:558:Infinity":151,"s:560:6:560:Infinity":152,"s:562:6:562:Infinity":153,"s:566:2:570:Infinity":154,"f:566:2:566:18":40,"b:567:4:567:Infinity:undefined:undefined:undefined:undefined":53,"s:567:4:567:Infinity":155,"s:567:21:567:Infinity":156,"b:568:4:568:Infinity:undefined:undefined:undefined:undefined":54,"s:568:4:568:Infinity":157,"b:568:8:568:40:568:40:568:76":55,"s:568:76:568:Infinity":158,"s:569:4:569:Infinity":159,"s:572:8:573:Infinity":160,"f:572:8:572:24":41,"s:573:4:573:Infinity":161,"f:573:4:573:18":42,"s:573:26:573:49":162,"b:573:40:573:47:573:47:573:49":56,"s:575:15:578:Infinity":163,"f:576:68:576:83":43,"s:576:83:576:105":164,"f:577:68:577:83":44,"s:577:83:577:105":165,"s:580:2:656:Infinity":166,"b:584:7:584:Infinity:585:8:625:7":57,"b:591:73:591:86:591:86:591:Infinity":58,"f:595:14:595:29":45,"s:595:29:595:Infinity":167,"b:606:12:607:Infinity:607:14:621:Infinity":59,"b:608:12:609:24:609:14:621:Infinity":60,"b:610:12:612:13:612:12:621:Infinity":61,"f:613:25:613:29":46,"s:614:16:617:Infinity":168,"b:615:76:615:93:615:93:615:103":62,"f:627:16:627:20":47,"s:628:12:636:Infinity":169,"b:632:27:632:72:632:72:632:Infinity":63,"b:641:10:643:11:643:10:654:Infinity":64,"f:644:21:644:25":48,"s:645:14:650:Infinity":170,"f:649:16:649:31":49,"s:649:31:649:Infinity":171,"f:667:9:667:24":50,"s:668:2:674:Infinity":172,"b:672:15:672:30:672:30:672:Infinity":65,"b:673:20:673:39:673:39:673:43":66,"f:677:9:677:28":51,"s:678:2:686:Infinity":173,"b:680:12:680:24:680:24:680:39":67,"b:681:9:681:26:681:26:681:29":68,"b:681:34:681:51:681:51:681:Infinity":69,"b:682:22:682:51:682:51:682:Infinity":70,"b:684:8:684:Infinity:685:8:685:Infinity":71,"f:684:52:684:56":52,"s:684:61:684:69":174,"f:691:9:691:26":53,"s:692:28:692:Infinity":175,"b:694:2:695:Infinity:695:7:695:Infinity":72,"s:694:2:695:Infinity":176,"s:694:27:694:Infinity":177,"b:695:7:695:Infinity:undefined:undefined:undefined:undefined":73,"s:695:7:695:Infinity":178,"s:695:42:695:Infinity":179,"b:697:2:697:Infinity:undefined:undefined:undefined:undefined":74,"s:697:2:697:Infinity":180,"s:697:18:697:Infinity":181,"b:699:2:702:Infinity:undefined:undefined:undefined:undefined":75,"s:699:2:702:Infinity":182,"s:700:14:700:Infinity":183,"b:701:4:701:Infinity:undefined:undefined:undefined:undefined":76,"s:701:4:701:Infinity":184,"b:701:8:701:20:701:20:701:31:701:31:701:39":77,"s:701:39:701:Infinity":185,"b:703:2:706:Infinity:undefined:undefined:undefined:undefined":78,"s:703:2:706:Infinity":186,"s:704:14:704:Infinity":187,"b:705:4:705:Infinity:undefined:undefined:undefined:undefined":79,"s:705:4:705:Infinity":188,"b:705:8:705:20:705:20:705:32:705:32:705:41":80,"s:705:41:705:Infinity":189,"b:708:2:709:Infinity:undefined:undefined:undefined:undefined":81,"s:708:2:709:Infinity":190,"b:708:6:708:28:708:28:708:Infinity":82,"s:709:4:709:Infinity":191,"s:711:2:711:Infinity":192,"f:714:9:714:21":54,"s:715:19:715:Infinity":193,"s:716:15:716:Infinity":194,"s:717:17:717:Infinity":195,"s:718:17:718:Infinity":196,"s:719:18:719:Infinity":197,"s:720:20:720:Infinity":198,"s:722:8:725:Infinity":199,"f:722:8:722:15":55,"s:722:15:725:Infinity":200,"f:722:15:722:44":56,"s:723:4:723:Infinity":201,"f:723:4:723:12":57,"s:723:18:723:37":202,"s:724:4:724:Infinity":203,"f:724:4:724:14":58,"s:724:20:724:47":204,"s:727:8:731:Infinity":205,"f:727:8:727:29":59,"s:728:4:728:Infinity":206,"s:729:4:729:Infinity":207,"s:730:4:730:Infinity":208,"s:733:21:747:Infinity":209,"f:733:21:733:33":60,"s:734:17:734:Infinity":210,"b:735:4:735:Infinity:undefined:undefined:undefined:undefined":83,"s:735:4:735:Infinity":211,"s:735:40:735:57":212,"s:735:57:735:64":213,"s:736:4:736:Infinity":214,"s:737:4:737:Infinity":215,"s:738:4:746:Infinity":216,"s:739:6:739:Infinity":217,"s:740:6:740:Infinity":218,"s:741:6:741:Infinity":219,"f:741:6:741:23":61,"s:741:25:741:44":220,"s:741:44:741:63":221,"s:743:6:743:Infinity":222,"s:745:6:745:Infinity":223,"s:749:2:836:Infinity":224,"f:752:8:752:23":62,"s:752:23:752:Infinity":225,"f:752:23:752:35":63,"s:752:40:752:42":226,"b:764:80:764:95:764:95:764:Infinity":84,"b:770:7:770:Infinity:771:8:836:Infinity":85,"f:785:23:785:27":64,"s:785:32:785:70":227,"b:833:11:833:24:833:24:833:Infinity":86,"f:840:9:840:30":65,"s:841:15:844:Infinity":228,"s:845:17:845:Infinity":229,"s:846:17:846:Infinity":230,"s:847:18:847:Infinity":231,"s:848:20:848:Infinity":232,"s:850:8:853:Infinity":233,"f:850:8:850:15":66,"s:850:15:853:Infinity":234,"f:850:15:850:44":67,"s:851:4:851:Infinity":235,"f:851:4:851:12":68,"s:851:18:851:37":236,"s:852:4:852:Infinity":237,"f:852:4:852:14":69,"s:852:20:852:47":238,"s:855:21:871:Infinity":239,"f:855:21:855:33":70,"s:856:17:856:Infinity":240,"b:857:4:857:Infinity:undefined:undefined:undefined:undefined":87,"s:857:4:857:Infinity":241,"s:857:40:857:57":242,"s:857:57:857:64":243,"s:858:4:858:Infinity":244,"s:859:4:859:Infinity":245,"s:860:4:870:Infinity":246,"s:861:6:861:Infinity":247,"s:862:6:862:Infinity":248,"s:863:6:863:Infinity":249,"s:864:6:864:Infinity":250,"s:865:6:865:Infinity":251,"f:865:6:865:23":71,"s:865:23:865:42":252,"s:867:6:867:Infinity":253,"s:869:6:869:Infinity":254,"s:873:2:929:Infinity":255,"f:890:21:890:25":72,"s:890:30:890:68":256,"b:927:9:927:22:927:22:927:Infinity":88,"f:933:9:933:26":73,"s:934:16:934:Infinity":257,"s:936:19:945:Infinity":258,"b:937:6:944:Infinity:945:6:945:Infinity":89,"f:937:16:937:23":74,"s:938:18:938:Infinity":259,"s:939:8:942:Infinity":260,"b:940:10:940:Infinity:941:10:941:Infinity:942:10:942:Infinity":90,"s:947:2:997:Infinity":261,"b:954:9:954:Infinity:955:10:983:9":91,"f:966:14:966:24":75,"s:966:29:966:Infinity":262,"b:970:13:970:Infinity:971:14:978:Infinity":92,"f:972:16:972:31":76,"s:972:31:972:Infinity":263,"b:985:12:986:23:986:14:989:Infinity":93,"b:987:12:989:21:989:12:989:Infinity":94,"f:989:21:989:25":77,"s:989:30:989:69":264,"f:1003:9:1003:17":78,"s:1004:2:1066:Infinity":265,"f:1023:19:1023:24":79,"s:1024:25:1024:Infinity":266,"s:1025:10:1047:Infinity":267,"f:1028:14:1028:29":80,"s:1028:29:1028:Infinity":268,"b:1031:27:1031:53:1031:53:1031:Infinity":95,"b:1034:15:1034:Infinity:1035:16:1038:Infinity":96,"b:1043:90:1043:108:1043:108:1043:Infinity":97,"f:1070:9:1070:22":81,"s:1071:2:1096:Infinity":269,"f:1076:17:1076:22":82,"s:1077:23:1077:Infinity":270,"s:1078:8:1093:Infinity":271,"f:1081:12:1081:27":83,"s:1081:27:1081:Infinity":272,"b:1083:25:1083:40:1083:40:1083:Infinity":98,"b:1085:13:1085:Infinity:1086:14:1089:Infinity":99,"f:1102:9:1102:23":84,"s:1103:2:1111:Infinity":273,"f:1117:16:1117:28":85,"s:1118:34:1118:Infinity":274,"s:1119:18:1119:Infinity":275,"s:1121:21:1121:Infinity":276,"f:1121:31:1121:36":86,"s:1121:41:1121:58":277,"s:1123:2:1147:Infinity":278,"b:1139:11:1139:27:1139:27:1139:55:1139:55:1139:Infinity":100,"b:1141:11:1141:39:1141:39:1141:Infinity":101,"b:1142:11:1142:39:1142:39:1142:Infinity":102,"b:1143:11:1143:39:1143:39:1143:Infinity":103},"fnNames":{}}}
}
